Using pre-set license
Built from '2021.2/staging' branch; Version is '2021.2.4f1 (99ba6aa4c552) revision 10074730'; Using compiler version '192829333'; Build Type 'Release'
OS: 'Windows 10 Pro; OS build 19041.1348; Version 2004; 64bit' Language: 'en' Physical Memory: 32683 MB
BatchMode: 1, IsHumanControllingUs: 0, StartBugReporterOnCrash: 0, Is64bit: 1, IsPro: 0

COMMAND LINE ARGUMENTS:
M:\unity\2021.2.4f1\Editor\Unity.exe
-adb2
-batchMode
-noUpm
-name
AssetImportWorker2
-projectPath
M:/General Game Dev Assets - Projects - Tentalinked here/Game Jam 2/IDG-Game-Jam
-logFile
Logs/AssetImportWorker2.log
-srvPort
56733
Successfully changed project path to: M:/General Game Dev Assets - Projects - Tentalinked here/Game Jam 2/IDG-Game-Jam
M:/General Game Dev Assets - Projects - Tentalinked here/Game Jam 2/IDG-Game-Jam
[UnityMemory] Configuration Parameters - Can be set up in boot.config
    "memorysetup-bucket-allocator-granularity=16"
    "memorysetup-bucket-allocator-bucket-count=8"
    "memorysetup-bucket-allocator-block-size=33554432"
    "memorysetup-bucket-allocator-block-count=8"
    "memorysetup-main-allocator-block-size=16777216"
    "memorysetup-thread-allocator-block-size=16777216"
    "memorysetup-gfx-main-allocator-block-size=16777216"
    "memorysetup-gfx-thread-allocator-block-size=16777216"
    "memorysetup-cache-allocator-block-size=4194304"
    "memorysetup-typetree-allocator-block-size=2097152"
    "memorysetup-profiler-bucket-allocator-granularity=16"
    "memorysetup-profiler-bucket-allocator-bucket-count=8"
    "memorysetup-profiler-bucket-allocator-block-size=33554432"
    "memorysetup-profiler-bucket-allocator-block-count=8"
    "memorysetup-profiler-allocator-block-size=16777216"
    "memorysetup-profiler-editor-allocator-block-size=1048576"
    "memorysetup-temp-allocator-size-main=16777216"
    "memorysetup-job-temp-allocator-block-size=2097152"
    "memorysetup-job-temp-allocator-block-size-background=1048576"
    "memorysetup-job-temp-allocator-reduction-small-platforms=262144"
    "memorysetup-temp-allocator-size-background-worker=32768"
    "memorysetup-temp-allocator-size-job-worker=262144"
    "memorysetup-temp-allocator-size-preload-manager=33554432"
    "memorysetup-temp-allocator-size-nav-mesh-worker=65536"
    "memorysetup-temp-allocator-size-audio-worker=65536"
    "memorysetup-temp-allocator-size-cloud-worker=32768"
    "memorysetup-temp-allocator-size-gi-baking-worker=262144"
    "memorysetup-temp-allocator-size-gfx=262144"
Refreshing native plugins compatible for Editor in 107.86 ms, found 3 plugins.
Preloading 0 native plugins for Editor in 0.00 ms.
Initialize engine version: 2021.2.4f1 (99ba6aa4c552)
[Subsystems] Discovering subsystems at path M:/unity/2021.2.4f1/Editor/Data/Resources/UnitySubsystems
[Subsystems] Discovering subsystems at path M:/General Game Dev Assets - Projects - Tentalinked here/Game Jam 2/IDG-Game-Jam/Assets
GfxDevice: creating device client; threaded=0; jobified=0
Direct3D:
    Version:  Direct3D 11.0 [level 11.1]
    Renderer: NVIDIA GeForce GTX 1070 (ID=0x1b81)
    Vendor:   NVIDIA
    VRAM:     8088 MB
    Driver:   27.21.14.5671
Initialize mono
Mono path[0] = 'M:/unity/2021.2.4f1/Editor/Data/Managed'
Mono path[1] = 'M:/unity/2021.2.4f1/Editor/Data/MonoBleedingEdge/lib/mono/unityjit-win32'
Mono config path = 'M:/unity/2021.2.4f1/Editor/Data/MonoBleedingEdge/etc'
Using monoOptions --debugger-agent=transport=dt_socket,embedding=1,server=y,suspend=n,address=127.0.0.1:56212
Begin MonoManager ReloadAssembly
Registering precompiled unity dll's ...
Register platform support module: M:/unity/2021.2.4f1/Editor/Data/PlaybackEngines/WebGLSupport/UnityEditor.WebGL.Extensions.dll
Register platform support module: M:/unity/2021.2.4f1/Editor/Data/PlaybackEngines/WindowsStandaloneSupport/UnityEditor.WindowsStandalone.Extensions.dll
Registered in 0.002678 seconds.
Native extension for WindowsStandalone target not found
Native extension for WebGL target not found
Refreshing native plugins compatible for Editor in 103.25 ms, found 3 plugins.
Preloading 0 native plugins for Editor in 0.00 ms.
Mono: successfully reloaded assembly
- Completed reload, in  0.577 seconds
Domain Reload Profiling:
	ReloadAssembly (577ms)
		BeginReloadAssembly (61ms)
			ExecutionOrderSort (0ms)
			DisableScriptedObjects (0ms)
			BackupInstance (0ms)
			ReleaseScriptingObjects (0ms)
			CreateAndSetChildDomain (1ms)
		EndReloadAssembly (451ms)
			LoadAssemblies (61ms)
			RebuildTransferFunctionScriptingTraits (0ms)
			SetupTypeCache (93ms)
			ReleaseScriptCaches (0ms)
			RebuildScriptCaches (24ms)
			SetupLoadedEditorAssemblies (290ms)
				LogAssemblyErrors (0ms)
				InitializePlatformSupportModulesInManaged (13ms)
				SetLoadedEditorAssemblies (0ms)
				RefreshPlugins (103ms)
				BeforeProcessingInitializeOnLoad (1ms)
				ProcessInitializeOnLoadAttributes (130ms)
				ProcessInitializeOnLoadMethodAttributes (42ms)
				AfterProcessingInitializeOnLoad (0ms)
				EditorAssembliesLoaded (0ms)
			ExecutionOrderSort2 (0ms)
			AwakeInstancesAfterBackupRestoration (0ms)
Platform modules already initialized, skipping
Registering precompiled user dll's ...
Registered in 0.006195 seconds.
Begin MonoManager ReloadAssembly
Native extension for WindowsStandalone target not found
Native extension for WebGL target not found
Refreshing native plugins compatible for Editor in 118.13 ms, found 3 plugins.
Preloading 0 native plugins for Editor in 0.00 ms.
Package Manager log level set to [2]
Mono: successfully reloaded assembly
- Completed reload, in  1.676 seconds
Domain Reload Profiling:
	ReloadAssembly (1676ms)
		BeginReloadAssembly (154ms)
			ExecutionOrderSort (0ms)
			DisableScriptedObjects (5ms)
			BackupInstance (0ms)
			ReleaseScriptingObjects (0ms)
			CreateAndSetChildDomain (18ms)
		EndReloadAssembly (1424ms)
			LoadAssemblies (73ms)
			RebuildTransferFunctionScriptingTraits (0ms)
			SetupTypeCache (298ms)
			ReleaseScriptCaches (1ms)
			RebuildScriptCaches (60ms)
			SetupLoadedEditorAssemblies (888ms)
				LogAssemblyErrors (0ms)
				InitializePlatformSupportModulesInManaged (10ms)
				SetLoadedEditorAssemblies (0ms)
				RefreshPlugins (118ms)
				BeforeProcessingInitializeOnLoad (117ms)
				ProcessInitializeOnLoadAttributes (510ms)
				ProcessInitializeOnLoadMethodAttributes (130ms)
				AfterProcessingInitializeOnLoad (3ms)
				EditorAssembliesLoaded (0ms)
			ExecutionOrderSort2 (0ms)
			AwakeInstancesAfterBackupRestoration (6ms)
Platform modules already initialized, skipping
========================================================================
Worker process is ready to serve import requests
Launched and connected shader compiler UnityShaderCompiler.exe after 0.04 seconds
Refreshing native plugins compatible for Editor in 1.60 ms, found 3 plugins.
Preloading 0 native plugins for Editor in 0.00 ms.
Unloading 5558 Unused Serialized files (Serialized files now loaded: 0)
Unloading 73 unused Assets / (0.7 MB). Loaded Objects now: 5979.
Memory consumption went from 213.1 MB to 212.4 MB.
Total: 9.618700 ms (FindLiveObjects: 0.558100 ms CreateObjectMapping: 0.510900 ms MarkObjects: 8.154300 ms  DeleteObjects: 0.393800 ms)

AssetImportParameters requested are different than current active one (requested -> active):
  custom:video-decoder-ogg-theora: a1e56fd34408186e4bbccfd4996cb3dc -> 
  custom:container-muxer-webm: aa71ff27fc2769a1b78a27578f13a17b -> 
  custom:container-demuxer-webm: 4f35f7cbe854078d1ac9338744f61a02 -> 
  custom:video-encoder-webm-vp8: eb34c28f22e8b96e1ab97ce403110664 -> 
  custom:video-codec-MediaFoundation-h265: 746d11721c4dcdbdad8f713fa42b33f4 -> 
  custom:audio-encoder-webm-vorbis: bf7c407c2cedff20999df2af8eb42d56 -> 
  custom:framework-win-MediaFoundation: 216162199b28c13a410421893ffa2e32 -> 
  custom:container-demuxer-ogg: 62fdf1f143b41e24485cea50d1cbac27 -> 
  custom:video-decoder-webm-vp8: 9c59270c3fd7afecdb556c50c9e8de78 -> 
  custom:audio-decoder-ogg-vorbis: bf7c407c2cedff20999df2af8eb42d56 -> 
========================================================================
Received Import Request.
  Time since last request: 332414.372653 seconds.
  path: Packages/com.unity.render-pipelines.universal/Editor
  artifactKey: Guid(53c20613ce8ac478dba8507359e02516) Importer(815301076,1909f56bfc062723c751e8b465ee728b)
Start importing Packages/com.unity.render-pipelines.universal/Editor using Guid(53c20613ce8ac478dba8507359e02516) Importer(815301076,1909f56bfc062723c751e8b465ee728b)  -> (artifact id: 'a422a4149f185dd75d4fea356590c9c7') in 0.010971 seconds 
========================================================================
Received Import Request.
  Time since last request: 0.022052 seconds.
  path: Packages/com.unity.render-pipelines.universal/Editor/Unity.RenderPipelines.Universal.Editor.asmdef
  artifactKey: Guid(c579267770062bf448e75eb160330b7f) Importer(815301076,1909f56bfc062723c751e8b465ee728b)
Start importing Packages/com.unity.render-pipelines.universal/Editor/Unity.RenderPipelines.Universal.Editor.asmdef using Guid(c579267770062bf448e75eb160330b7f) Importer(815301076,1909f56bfc062723c751e8b465ee728b)  -> (artifact id: 'c4c8e5dfd1fd3c0a6b570129f76028d7') in 0.028991 seconds 
========================================================================
Received Import Request.
  Time since last request: 10.556784 seconds.
  path: Packages/com.unity.render-pipelines.universal/Runtime
  artifactKey: Guid(79e8584360be43649ad60cb0f180e904) Importer(815301076,1909f56bfc062723c751e8b465ee728b)
Start importing Packages/com.unity.render-pipelines.universal/Runtime using Guid(79e8584360be43649ad60cb0f180e904) Importer(815301076,1909f56bfc062723c751e8b465ee728b)  -> (artifact id: 'd9abb2f23960c258caf2d249df7ccf1c') in 0.000856 seconds 
========================================================================
Received Import Request.
  Time since last request: 2.527054 seconds.
  path: Packages/com.unity.render-pipelines.universal/Runtime/Unity.RenderPipelines.Universal.Runtime.asmdef
  artifactKey: Guid(15fc0a57446b3144c949da3e2b9737a9) Importer(815301076,1909f56bfc062723c751e8b465ee728b)
Start importing Packages/com.unity.render-pipelines.universal/Runtime/Unity.RenderPipelines.Universal.Runtime.asmdef using Guid(15fc0a57446b3144c949da3e2b9737a9) Importer(815301076,1909f56bfc062723c751e8b465ee728b)  -> (artifact id: '8b02ea9a575c51f2f87ab9a7c9eb7acf') in 0.000938 seconds 
========================================================================
Received Import Request.
  Time since last request: 2.587288 seconds.
  path: Packages/com.unity.render-pipelines.universal/ShaderLibrary
  artifactKey: Guid(2de5b472450204ae2853db2cb6a2540a) Importer(815301076,1909f56bfc062723c751e8b465ee728b)
Start importing Packages/com.unity.render-pipelines.universal/ShaderLibrary using Guid(2de5b472450204ae2853db2cb6a2540a) Importer(815301076,1909f56bfc062723c751e8b465ee728b)  -> (artifact id: '61ac349ee683b75314cd34222411b2c8') in 0.000929 seconds 
========================================================================
Received Import Request.
  Time since last request: 0.065422 seconds.
  path: Packages/com.unity.render-pipelines.universal/ShaderLibrary/AmbientOcclusion.hlsl
  artifactKey: Guid(1c0cb2353d9a4debbc61e650002843f4) Importer(815301076,1909f56bfc062723c751e8b465ee728b)
Start importing Packages/com.unity.render-pipelines.universal/ShaderLibrary/AmbientOcclusion.hlsl using Guid(1c0cb2353d9a4debbc61e650002843f4) Importer(815301076,1909f56bfc062723c751e8b465ee728b)  -> (artifact id: 'e2bdd4efe608993b7763209f3a655032') in 0.024272 seconds 
========================================================================
Received Import Request.
  Time since last request: 0.000022 seconds.
  path: Packages/com.unity.render-pipelines.universal/ShaderLibrary/Deprecated.hlsl
  artifactKey: Guid(9802e36ef1c38064d9bcd7bf2e01cccb) Importer(815301076,1909f56bfc062723c751e8b465ee728b)
Start importing Packages/com.unity.render-pipelines.universal/ShaderLibrary/Deprecated.hlsl using Guid(9802e36ef1c38064d9bcd7bf2e01cccb) Importer(815301076,1909f56bfc062723c751e8b465ee728b)  -> (artifact id: '6cc1ac89f7fc821e37eb69ae9d669cac') in 0.001538 seconds 
========================================================================
Received Import Request.
  Time since last request: 0.000018 seconds.
  path: Packages/com.unity.render-pipelines.universal/ShaderLibrary/DeclareOpaqueTexture.hlsl
  artifactKey: Guid(29619926ce55c944aa978fe5e07cc3db) Importer(815301076,1909f56bfc062723c751e8b465ee728b)
Start importing Packages/com.unity.render-pipelines.universal/ShaderLibrary/DeclareOpaqueTexture.hlsl using Guid(29619926ce55c944aa978fe5e07cc3db) Importer(815301076,1909f56bfc062723c751e8b465ee728b)  -> (artifact id: '454953038bbd5b0ed5e5fd8766ef0f75') in 0.002627 seconds 
========================================================================
Received Import Request.
  Time since last request: 0.000023 seconds.
  path: Packages/com.unity.render-pipelines.universal/ShaderLibrary/UnityGBuffer.hlsl
  artifactKey: Guid(db51e39af1b3c01449a3e6b1ce782a48) Importer(815301076,1909f56bfc062723c751e8b465ee728b)
Start importing Packages/com.unity.render-pipelines.universal/ShaderLibrary/UnityGBuffer.hlsl using Guid(db51e39af1b3c01449a3e6b1ce782a48) Importer(815301076,1909f56bfc062723c751e8b465ee728b)  -> (artifact id: 'f51d7f370f8c8440d46ac5c0a845d497') in 0.001459 seconds 
========================================================================
Received Import Request.
  Time since last request: 0.000020 seconds.
  path: Packages/com.unity.render-pipelines.universal/ShaderLibrary/GlobalIllumination.hlsl
  artifactKey: Guid(1be91b057dbe43239a838d9e45a42a32) Importer(815301076,1909f56bfc062723c751e8b465ee728b)
Start importing Packages/com.unity.render-pipelines.universal/ShaderLibrary/GlobalIllumination.hlsl using Guid(1be91b057dbe43239a838d9e45a42a32) Importer(815301076,1909f56bfc062723c751e8b465ee728b)  -> (artifact id: '0c51cb58e5e8b260dd149a3d79c0610c') in 0.001375 seconds 
========================================================================
Received Import Request.
  Time since last request: 0.000029 seconds.
  path: Packages/com.unity.render-pipelines.universal/ShaderLibrary/ShaderVariablesFunctions.deprecated.hlsl
  artifactKey: Guid(77a6d2810aa974e0bad8b56aec6e87f4) Importer(815301076,1909f56bfc062723c751e8b465ee728b)
Start importing Packages/com.unity.render-pipelines.universal/ShaderLibrary/ShaderVariablesFunctions.deprecated.hlsl using Guid(77a6d2810aa974e0bad8b56aec6e87f4) Importer(815301076,1909f56bfc062723c751e8b465ee728b)  -> (artifact id: '42287474d8ee8acae1948cd0d8435f6d') in 0.001582 seconds 
========================================================================
Received Import Request.
  Time since last request: 0.000022 seconds.
  path: Packages/com.unity.render-pipelines.universal/ShaderLibrary/MetaInput.hlsl
  artifactKey: Guid(6c9c9877e9a3dff4fbc73fd447c653d8) Importer(815301076,1909f56bfc062723c751e8b465ee728b)
Start importing Packages/com.unity.render-pipelines.universal/ShaderLibrary/MetaInput.hlsl using Guid(6c9c9877e9a3dff4fbc73fd447c653d8) Importer(815301076,1909f56bfc062723c751e8b465ee728b)  -> (artifact id: 'f58f3ea4a379a19a15fb62638974c9d4') in 0.001412 seconds 
========================================================================
Received Import Request.
  Time since last request: 0.000023 seconds.
  path: Packages/com.unity.render-pipelines.universal/ShaderLibrary/UniversalDOTSInstancing.hlsl
  artifactKey: Guid(91bd1404255c4cb28a6c81f20300308f) Importer(815301076,1909f56bfc062723c751e8b465ee728b)
Start importing Packages/com.unity.render-pipelines.universal/ShaderLibrary/UniversalDOTSInstancing.hlsl using Guid(91bd1404255c4cb28a6c81f20300308f) Importer(815301076,1909f56bfc062723c751e8b465ee728b)  -> (artifact id: '056595540b57fbe039891963880ce4d5') in 0.001342 seconds 
========================================================================
Received Import Request.
  Time since last request: 0.000021 seconds.
  path: Packages/com.unity.render-pipelines.universal/ShaderLibrary/DecalInput.hlsl
  artifactKey: Guid(3e4be2c2c37a850478a159473b68a63f) Importer(815301076,1909f56bfc062723c751e8b465ee728b)
Start importing Packages/com.unity.render-pipelines.universal/ShaderLibrary/DecalInput.hlsl using Guid(3e4be2c2c37a850478a159473b68a63f) Importer(815301076,1909f56bfc062723c751e8b465ee728b)  -> (artifact id: '52dfb151ff7e4646eb0986f4faa90401') in 0.001225 seconds 
========================================================================
Received Import Request.
  Time since last request: 0.000017 seconds.
  path: Packages/com.unity.render-pipelines.universal/ShaderLibrary/NormalReconstruction.hlsl
  artifactKey: Guid(20013f01a8cbaef4c9545926c27b8d73) Importer(815301076,1909f56bfc062723c751e8b465ee728b)
Start importing Packages/com.unity.render-pipelines.universal/ShaderLibrary/NormalReconstruction.hlsl using Guid(20013f01a8cbaef4c9545926c27b8d73) Importer(815301076,1909f56bfc062723c751e8b465ee728b)  -> (artifact id: '2ef3654d8f3b5146c7309c58055c69a4') in 0.001544 seconds 
========================================================================
Received Import Request.
  Time since last request: 0.000019 seconds.
  path: Packages/com.unity.render-pipelines.universal/ShaderLibrary/ShaderTypes.cs.hlsl
  artifactKey: Guid(6be8cfeb6b34eca43b000cb7bad7255e) Importer(815301076,1909f56bfc062723c751e8b465ee728b)
Start importing Packages/com.unity.render-pipelines.universal/ShaderLibrary/ShaderTypes.cs.hlsl using Guid(6be8cfeb6b34eca43b000cb7bad7255e) Importer(815301076,1909f56bfc062723c751e8b465ee728b)  -> (artifact id: '7e5041de2254addb8994b93a08fe3c66') in 0.001280 seconds 
========================================================================
Received Import Request.
  Time since last request: 0.000024 seconds.
  path: Packages/com.unity.render-pipelines.universal/ShaderLibrary/DBuffer.hlsl
  artifactKey: Guid(9041fd6e0797cf74a8f08340e6157c0d) Importer(815301076,1909f56bfc062723c751e8b465ee728b)
Start importing Packages/com.unity.render-pipelines.universal/ShaderLibrary/DBuffer.hlsl using Guid(9041fd6e0797cf74a8f08340e6157c0d) Importer(815301076,1909f56bfc062723c751e8b465ee728b)  -> (artifact id: '38e8847510b0d43fd4139e7e0af18328') in 0.001157 seconds 
========================================================================
Received Import Request.
  Time since last request: 0.000031 seconds.
  path: Packages/com.unity.render-pipelines.universal/ShaderLibrary/Lighting.hlsl
  artifactKey: Guid(762f0a4829f44584ba01e2f0661150d9) Importer(815301076,1909f56bfc062723c751e8b465ee728b)
Start importing Packages/com.unity.render-pipelines.universal/ShaderLibrary/Lighting.hlsl using Guid(762f0a4829f44584ba01e2f0661150d9) Importer(815301076,1909f56bfc062723c751e8b465ee728b)  -> (artifact id: '4affbdd2da390e370b7542fe6e5b433e') in 0.001071 seconds 
========================================================================
Received Import Request.
  Time since last request: 0.000021 seconds.
  path: Packages/com.unity.render-pipelines.universal/ShaderLibrary/RealtimeLights.hlsl
  artifactKey: Guid(4e8e2a4c57cb4eb6bf8653ab88069a9c) Importer(815301076,1909f56bfc062723c751e8b465ee728b)
Start importing Packages/com.unity.render-pipelines.universal/ShaderLibrary/RealtimeLights.hlsl using Guid(4e8e2a4c57cb4eb6bf8653ab88069a9c) Importer(815301076,1909f56bfc062723c751e8b465ee728b)  -> (artifact id: '8cf792ff2efdd8460843649266290a29') in 0.001061 seconds 
========================================================================
Received Import Request.
  Time since last request: 0.000022 seconds.
  path: Packages/com.unity.render-pipelines.universal/ShaderLibrary/SurfaceData.hlsl
  artifactKey: Guid(181b211e2007bd4478d853b8964457ab) Importer(815301076,1909f56bfc062723c751e8b465ee728b)
Start importing Packages/com.unity.render-pipelines.universal/ShaderLibrary/SurfaceData.hlsl using Guid(181b211e2007bd4478d853b8964457ab) Importer(815301076,1909f56bfc062723c751e8b465ee728b)  -> (artifact id: '9016a4366a3984ce7273ff96d12e4d19') in 0.001239 seconds 
========================================================================
Received Import Request.
  Time since last request: 0.000022 seconds.
  path: Packages/com.unity.render-pipelines.universal/ShaderLibrary/DeclareDepthTexture.hlsl
  artifactKey: Guid(ff20ba0133cd2904ebf470aedb16e9a2) Importer(815301076,1909f56bfc062723c751e8b465ee728b)
Start importing Packages/com.unity.render-pipelines.universal/ShaderLibrary/DeclareDepthTexture.hlsl using Guid(ff20ba0133cd2904ebf470aedb16e9a2) Importer(815301076,1909f56bfc062723c751e8b465ee728b)  -> (artifact id: '49a6a6b5342b74a5ca34a8e034b631ea') in 0.001075 seconds 
========================================================================
Received Import Request.
  Time since last request: 56.593385 seconds.
  path: Packages/com.unity.render-pipelines.universal/Shaders/PostProcessing
  artifactKey: Guid(a7a16c0caf8b8a84592e5c6591db2513) Importer(815301076,1909f56bfc062723c751e8b465ee728b)
Start importing Packages/com.unity.render-pipelines.universal/Shaders/PostProcessing using Guid(a7a16c0caf8b8a84592e5c6591db2513) Importer(815301076,1909f56bfc062723c751e8b465ee728b)  -> (artifact id: '774601c4a2e398e57d100b10dd56bfef') in 0.000911 seconds 
========================================================================
Received Import Request.
  Time since last request: 0.038663 seconds.
  path: Packages/com.unity.render-pipelines.universal/Shaders/PostProcessing/Common.hlsl
  artifactKey: Guid(eaaf2a45502c59c4e907088b5f034c0c) Importer(815301076,1909f56bfc062723c751e8b465ee728b)
Start importing Packages/com.unity.render-pipelines.universal/Shaders/PostProcessing/Common.hlsl using Guid(eaaf2a45502c59c4e907088b5f034c0c) Importer(815301076,1909f56bfc062723c751e8b465ee728b)  -> (artifact id: 'df68fab28c07228905b67ec0b4594841') in 0.001309 seconds 
========================================================================
Received Import Request.
  Time since last request: 2.446445 seconds.
  path: Packages/com.unity.render-pipelines.universal/Textures
  artifactKey: Guid(6970e3730c799f44ab472c8aa6c4b431) Importer(815301076,1909f56bfc062723c751e8b465ee728b)
Start importing Packages/com.unity.render-pipelines.universal/Textures using Guid(6970e3730c799f44ab472c8aa6c4b431) Importer(815301076,1909f56bfc062723c751e8b465ee728b)  -> (artifact id: '058762cc521c0257c73afa38bc8271de') in 0.000777 seconds 
========================================================================
Received Import Request.
  Time since last request: 75.772514 seconds.
  path: Packages/com.unity.visualscripting/Editor/VisualScripting.Core/IconMap/FlowGraph@32x.png
  artifactKey: Guid(0ccb256674ae837499e788d1cca73948) Importer(815301076,1909f56bfc062723c751e8b465ee728b)
Start importing Packages/com.unity.visualscripting/Editor/VisualScripting.Core/IconMap/FlowGraph@32x.png using Guid(0ccb256674ae837499e788d1cca73948) Importer(815301076,1909f56bfc062723c751e8b465ee728b)  -> (artifact id: '8fd57541b600ad69269e8a79c1637be0') in 0.087668 seconds 
========================================================================
Received Import Request.
  Time since last request: 0.000024 seconds.
  path: Packages/com.unity.visualscripting/Graphics/FlowPorts_24x.psd
  artifactKey: Guid(fb8aec2313da2234687b591ff0c0e622) Importer(815301076,1909f56bfc062723c751e8b465ee728b)
Start importing Packages/com.unity.visualscripting/Graphics/FlowPorts_24x.psd using Guid(fb8aec2313da2234687b591ff0c0e622) Importer(815301076,1909f56bfc062723c751e8b465ee728b)  -> (artifact id: '3175f8d19acdac587170520b32468fc9') in 0.089901 seconds 
========================================================================
Received Import Request.
  Time since last request: 4.104806 seconds.
  path: Packages/com.unity.collab-proxy/Editor/PlasticSCM/Assets/Images/buttonssosigninunity.png
  artifactKey: Guid(f9161c6c9e06dc445ada3ee16d991f90) Importer(815301076,1909f56bfc062723c751e8b465ee728b)
Start importing Packages/com.unity.collab-proxy/Editor/PlasticSCM/Assets/Images/buttonssosigninunity.png using Guid(f9161c6c9e06dc445ada3ee16d991f90) Importer(815301076,1909f56bfc062723c751e8b465ee728b)  -> (artifact id: 'aa3c5188fb9f3792a52b61dff2bdb822') in 0.046156 seconds 
========================================================================
Received Import Request.
  Time since last request: 1.196185 seconds.
  path: Packages/com.unity.render-pipelines.universal/Tests/Editor/Unity.RenderPipelines.Universal.Editor.Tests.asmdef
  artifactKey: Guid(36d514892e55d4340b470c29fcab8b44) Importer(815301076,1909f56bfc062723c751e8b465ee728b)
Start importing Packages/com.unity.render-pipelines.universal/Tests/Editor/Unity.RenderPipelines.Universal.Editor.Tests.asmdef using Guid(36d514892e55d4340b470c29fcab8b44) Importer(815301076,1909f56bfc062723c751e8b465ee728b)  -> (artifact id: '442d9c31839b24054926e938929b19e1') in 0.000675 seconds 
========================================================================
Received Import Request.
  Time since last request: 0.000017 seconds.
  path: Packages/com.unity.render-pipelines.universal/Runtime/Data/UniversalRendererData.asset
  artifactKey: Guid(ba6e69114eba6af4585b7b850051b2d9) Importer(815301076,1909f56bfc062723c751e8b465ee728b)
Start importing Packages/com.unity.render-pipelines.universal/Runtime/Data/UniversalRendererData.asset using Guid(ba6e69114eba6af4585b7b850051b2d9) Importer(815301076,1909f56bfc062723c751e8b465ee728b)  -> (artifact id: '700feab324ced0e50fe47a8721da1689') in 0.026055 seconds 
========================================================================
Received Import Request.
  Time since last request: 8.099849 seconds.
  path: Packages/com.unity.render-pipelines.universal/Runtime/Data/UniversalRenderPipelineEditorResources.asset
  artifactKey: Guid(a3d8d823eedde654bb4c11a1cfaf1abb) Importer(815301076,1909f56bfc062723c751e8b465ee728b)
Start importing Packages/com.unity.render-pipelines.universal/Runtime/Data/UniversalRenderPipelineEditorResources.asset using Guid(a3d8d823eedde654bb4c11a1cfaf1abb) Importer(815301076,1909f56bfc062723c751e8b465ee728b)  -> (artifact id: '7cc082433bf1e69feec525e744d1db5c') in 0.008842 seconds 
========================================================================
Received Import Request.
  Time since last request: 54.912826 seconds.
  path: Assets
  artifactKey: Guid(00000000000000001000000000000000) Importer(815301076,1909f56bfc062723c751e8b465ee728b)
Start importing Assets using Guid(00000000000000001000000000000000) Importer(815301076,1909f56bfc062723c751e8b465ee728b)  -> (artifact id: '79842766b460edbeab6a34051e857a80') in 0.000798 seconds 
========================================================================
Received Import Request.
  Time since last request: 3.474166 seconds.
  path: Assets/Shaders
  artifactKey: Guid(6f09b64f7ff7fd44bba92335ddfd4201) Importer(815301076,1909f56bfc062723c751e8b465ee728b)
Start importing Assets/Shaders using Guid(6f09b64f7ff7fd44bba92335ddfd4201) Importer(815301076,1909f56bfc062723c751e8b465ee728b)  -> (artifact id: '90de175b2fe66cabd70fc26f074fb8b0') in 0.000941 seconds 
========================================================================
Received Import Request.
  Time since last request: 20.827741 seconds.
  path: Assets/Shaders/Water Shaders
  artifactKey: Guid(a370ab36baf44114ca68485a59294666) Importer(815301076,1909f56bfc062723c751e8b465ee728b)
Start importing Assets/Shaders/Water Shaders using Guid(a370ab36baf44114ca68485a59294666) Importer(815301076,1909f56bfc062723c751e8b465ee728b)  -> (artifact id: '0fdd94afe0cc29da678ac9c7ded47ab8') in 0.000904 seconds 
========================================================================
Received Import Request.
  Time since last request: 0.635567 seconds.
  path: Assets/Shaders/Water Shaders/ShaderGraph
  artifactKey: Guid(d69f3a23149c2824fac50beba7dd6a05) Importer(815301076,1909f56bfc062723c751e8b465ee728b)
Start importing Assets/Shaders/Water Shaders/ShaderGraph using Guid(d69f3a23149c2824fac50beba7dd6a05) Importer(815301076,1909f56bfc062723c751e8b465ee728b)  -> (artifact id: '0cfb4542bd9e6293a9a0702fed3d54ed') in 0.000781 seconds 
========================================================================
Received Import Request.
  Time since last request: 2.078885 seconds.
  path: Assets/Shaders/Water Shaders/ShaderGraph/Water.shadergraph
  artifactKey: Guid(79c302345eca9054c99a53cd9bf85850) Importer(815301076,1909f56bfc062723c751e8b465ee728b)
Start importing Assets/Shaders/Water Shaders/ShaderGraph/Water.shadergraph using Guid(79c302345eca9054c99a53cd9bf85850) Importer(815301076,1909f56bfc062723c751e8b465ee728b)  -> (artifact id: 'ee80839c9d1fd856125766be4ba28e2d') in 0.003827 seconds 
========================================================================
Received Import Request.
  Time since last request: 1.683721 seconds.
  path: Assets/Shaders/Water Shaders/ShaderGraph/Noise.shadersubgraph
  artifactKey: Guid(3e4dd854122c60a489a05fa9009d3d0b) Importer(815301076,1909f56bfc062723c751e8b465ee728b)
Start importing Assets/Shaders/Water Shaders/ShaderGraph/Noise.shadersubgraph using Guid(3e4dd854122c60a489a05fa9009d3d0b) Importer(815301076,1909f56bfc062723c751e8b465ee728b)  -> (artifact id: '2a20873f2dae7f34d8ebf5c181a1324b') in 0.005576 seconds 
========================================================================
Received Prepare
Registering precompiled user dll's ...
Registered in 0.006622 seconds.
Begin MonoManager ReloadAssembly
Native extension for WindowsStandalone target not found
Native extension for WebGL target not found
Refreshing native plugins compatible for Editor in 1.07 ms, found 3 plugins.
Preloading 0 native plugins for Editor in 0.00 ms.
Mono: successfully reloaded assembly
- Completed reload, in  1.699 seconds
Domain Reload Profiling:
	ReloadAssembly (1699ms)
		BeginReloadAssembly (155ms)
			ExecutionOrderSort (0ms)
			DisableScriptedObjects (6ms)
			BackupInstance (0ms)
			ReleaseScriptingObjects (0ms)
			CreateAndSetChildDomain (48ms)
		EndReloadAssembly (1438ms)
			LoadAssemblies (90ms)
			RebuildTransferFunctionScriptingTraits (0ms)
			SetupTypeCache (406ms)
			ReleaseScriptCaches (2ms)
			RebuildScriptCaches (58ms)
			SetupLoadedEditorAssemblies (745ms)
				LogAssemblyErrors (0ms)
				InitializePlatformSupportModulesInManaged (14ms)
				SetLoadedEditorAssemblies (1ms)
				RefreshPlugins (1ms)
				BeforeProcessingInitializeOnLoad (102ms)
				ProcessInitializeOnLoadAttributes (449ms)
				ProcessInitializeOnLoadMethodAttributes (175ms)
				AfterProcessingInitializeOnLoad (4ms)
				EditorAssembliesLoaded (0ms)
			ExecutionOrderSort2 (0ms)
			AwakeInstancesAfterBackupRestoration (15ms)
Platform modules already initialized, skipping
Refreshing native plugins compatible for Editor in 1.08 ms, found 3 plugins.
Preloading 0 native plugins for Editor in 0.00 ms.
Unloading 5487 Unused Serialized files (Serialized files now loaded: 0)
Unloading 64 unused Assets / (0.7 MB). Loaded Objects now: 6034.
Memory consumption went from 211.8 MB to 211.1 MB.
Total: 7.092200 ms (FindLiveObjects: 0.566000 ms CreateObjectMapping: 0.591600 ms MarkObjects: 5.650000 ms  DeleteObjects: 0.283400 ms)

AssetImportParameters requested are different than current active one (requested -> active):
  custom:video-decoder-ogg-theora: a1e56fd34408186e4bbccfd4996cb3dc -> 
  custom:container-muxer-webm: aa71ff27fc2769a1b78a27578f13a17b -> 
  custom:container-demuxer-webm: 4f35f7cbe854078d1ac9338744f61a02 -> 
  custom:video-encoder-webm-vp8: eb34c28f22e8b96e1ab97ce403110664 -> 
  custom:video-codec-MediaFoundation-h265: 746d11721c4dcdbdad8f713fa42b33f4 -> 
  custom:audio-encoder-webm-vorbis: bf7c407c2cedff20999df2af8eb42d56 -> 
  custom:framework-win-MediaFoundation: 216162199b28c13a410421893ffa2e32 -> 
  custom:container-demuxer-ogg: 62fdf1f143b41e24485cea50d1cbac27 -> 
  custom:video-decoder-webm-vp8: 9c59270c3fd7afecdb556c50c9e8de78 -> 
  custom:audio-decoder-ogg-vorbis: bf7c407c2cedff20999df2af8eb42d56 -> 
========================================================================
Received Import Request.
  Time since last request: 157.786274 seconds.
  path: Packages/com.unity.render-pipelines.universal/Editor/UniversalRenderPipelineAsset
  artifactKey: Guid(69998121730154f4d925490a4548e342) Importer(815301076,1909f56bfc062723c751e8b465ee728b)
Start importing Packages/com.unity.render-pipelines.universal/Editor/UniversalRenderPipelineAsset using Guid(69998121730154f4d925490a4548e342) Importer(815301076,1909f56bfc062723c751e8b465ee728b)  -> (artifact id: '01130e450c1c97e781dceceac7efe66f') in 0.009047 seconds 
========================================================================
Received Import Request.
  Time since last request: 946.726936 seconds.
  path: Packages/com.unity.render-pipelines.core/Editor/Unity.RenderPipelines.Core.Editor.asmdef
  artifactKey: Guid(3eae0364be2026648bf74846acb8a731) Importer(815301076,1909f56bfc062723c751e8b465ee728b)
Start importing Packages/com.unity.render-pipelines.core/Editor/Unity.RenderPipelines.Core.Editor.asmdef using Guid(3eae0364be2026648bf74846acb8a731) Importer(815301076,1909f56bfc062723c751e8b465ee728b)  -> (artifact id: 'd6e51dc784c1f4468cc1ac50f24e673a') in 0.001459 seconds 
========================================================================
Received Import Request.
  Time since last request: 0.000034 seconds.
  path: Packages/com.unity.render-pipelines.core/Runtime/Unity.RenderPipelines.Core.Runtime.asmdef
  artifactKey: Guid(df380645f10b7bc4b97d4f5eb6303d95) Importer(815301076,1909f56bfc062723c751e8b465ee728b)
Start importing Packages/com.unity.render-pipelines.core/Runtime/Unity.RenderPipelines.Core.Runtime.asmdef using Guid(df380645f10b7bc4b97d4f5eb6303d95) Importer(815301076,1909f56bfc062723c751e8b465ee728b)  -> (artifact id: 'cad14361dda99b8d4c89e5f6ca2f482d') in 0.001180 seconds 
========================================================================
Received Import Request.
  Time since last request: 0.000029 seconds.
  path: Packages/com.unity.render-pipelines.core/Tests/Runtime/Unity.RenderPipelines.Core.Runtime.Tests.asmdef
  artifactKey: Guid(bf043f86dbf1bda4398ec83eebe40b8c) Importer(815301076,1909f56bfc062723c751e8b465ee728b)
Start importing Packages/com.unity.render-pipelines.core/Tests/Runtime/Unity.RenderPipelines.Core.Runtime.Tests.asmdef using Guid(bf043f86dbf1bda4398ec83eebe40b8c) Importer(815301076,1909f56bfc062723c751e8b465ee728b)  -> (artifact id: '97f3fe5098b40898fc1ae1abebc26f08') in 0.000887 seconds 
========================================================================
Received Import Request.
  Time since last request: 0.000026 seconds.
  path: Packages/com.unity.render-pipelines.core/ShaderLibrary/Unity.RenderPipelines.Core.ShaderLibrary.asmdef
  artifactKey: Guid(46a67ded66a63de48b9329c593fc08de) Importer(815301076,1909f56bfc062723c751e8b465ee728b)
Start importing Packages/com.unity.render-pipelines.core/ShaderLibrary/Unity.RenderPipelines.Core.ShaderLibrary.asmdef using Guid(46a67ded66a63de48b9329c593fc08de) Importer(815301076,1909f56bfc062723c751e8b465ee728b)  -> (artifact id: 'cf29367e527c78dd2b09b4a5b0d79b20') in 0.000761 seconds 
========================================================================
Received Import Request.
  Time since last request: 4.075295 seconds.
  path: Packages/com.unity.collab-proxy/Editor/Collaborate/Assets/Icons/revert-asset-dark.png
  artifactKey: Guid(23933ab6b291bc54ba1b99b5fcb9ec80) Importer(815301076,1909f56bfc062723c751e8b465ee728b)
Start importing Packages/com.unity.collab-proxy/Editor/Collaborate/Assets/Icons/revert-asset-dark.png using Guid(23933ab6b291bc54ba1b99b5fcb9ec80) Importer(815301076,1909f56bfc062723c751e8b465ee728b)  -> (artifact id: '821f5a305cf2df1cd29d03211bf2c5e6') in 0.051971 seconds 
========================================================================
Received Import Request.
  Time since last request: 0.000030 seconds.
  path: Packages/com.unity.collab-proxy/Editor/Collaborate/Assets/Icons/revert-asset-light@2x.png
  artifactKey: Guid(e6e5a841174ef8f44a853b724cc52b4f) Importer(815301076,1909f56bfc062723c751e8b465ee728b)
Start importing Packages/com.unity.collab-proxy/Editor/Collaborate/Assets/Icons/revert-asset-light@2x.png using Guid(e6e5a841174ef8f44a853b724cc52b4f) Importer(815301076,1909f56bfc062723c751e8b465ee728b)  -> (artifact id: 'fb116a07831833394e06e6620bd383d1') in 0.009791 seconds 
========================================================================
Received Import Request.
  Time since last request: 0.000035 seconds.
  path: Packages/com.unity.collab-proxy/Editor/Collaborate/Assets/Icons/revert-asset-light.png
  artifactKey: Guid(987c88fe221d4484db97f6d0e56d8e3c) Importer(815301076,1909f56bfc062723c751e8b465ee728b)
Start importing Packages/com.unity.collab-proxy/Editor/Collaborate/Assets/Icons/revert-asset-light.png using Guid(987c88fe221d4484db97f6d0e56d8e3c) Importer(815301076,1909f56bfc062723c751e8b465ee728b)  -> (artifact id: '4813b788e1fbef8c7ad5b1a7dad11d8c') in 0.009657 seconds 
========================================================================
Received Import Request.
  Time since last request: 0.172628 seconds.
  path: Packages/com.unity.render-pipelines.core/Editor/Volume/Icons/VolumeProfileAsset.png
  artifactKey: Guid(f20112bdeec2e8d4d9f80e8390e37263) Importer(815301076,1909f56bfc062723c751e8b465ee728b)
Start importing Packages/com.unity.render-pipelines.core/Editor/Volume/Icons/VolumeProfileAsset.png using Guid(f20112bdeec2e8d4d9f80e8390e37263) Importer(815301076,1909f56bfc062723c751e8b465ee728b)  -> (artifact id: 'c0f536c234d21584251de50c57815005') in 0.024595 seconds 
========================================================================
Received Prepare
Registering precompiled user dll's ...
Registered in 0.007008 seconds.
Begin MonoManager ReloadAssembly
Native extension for WindowsStandalone target not found
Native extension for WebGL target not found
Refreshing native plugins compatible for Editor in 1.12 ms, found 3 plugins.
Preloading 0 native plugins for Editor in 0.00 ms.
Mono: successfully reloaded assembly
- Completed reload, in  1.551 seconds
Domain Reload Profiling:
	ReloadAssembly (1551ms)
		BeginReloadAssembly (157ms)
			ExecutionOrderSort (0ms)
			DisableScriptedObjects (8ms)
			BackupInstance (0ms)
			ReleaseScriptingObjects (0ms)
			CreateAndSetChildDomain (55ms)
		EndReloadAssembly (1306ms)
			LoadAssemblies (84ms)
			RebuildTransferFunctionScriptingTraits (0ms)
			SetupTypeCache (440ms)
			ReleaseScriptCaches (3ms)
			RebuildScriptCaches (56ms)
			SetupLoadedEditorAssemblies (604ms)
				LogAssemblyErrors (0ms)
				InitializePlatformSupportModulesInManaged (11ms)
				SetLoadedEditorAssemblies (0ms)
				RefreshPlugins (1ms)
				BeforeProcessingInitializeOnLoad (86ms)
				ProcessInitializeOnLoadAttributes (372ms)
				ProcessInitializeOnLoadMethodAttributes (129ms)
				AfterProcessingInitializeOnLoad (4ms)
				EditorAssembliesLoaded (0ms)
			ExecutionOrderSort2 (0ms)
			AwakeInstancesAfterBackupRestoration (14ms)
Platform modules already initialized, skipping
Refreshing native plugins compatible for Editor in 1.08 ms, found 3 plugins.
Preloading 0 native plugins for Editor in 0.00 ms.
Unloading 5495 Unused Serialized files (Serialized files now loaded: 0)
Unloading 71 unused Assets / (2.0 MB). Loaded Objects now: 6102.
Memory consumption went from 216.2 MB to 214.2 MB.
Total: 13.377200 ms (FindLiveObjects: 0.439100 ms CreateObjectMapping: 0.426500 ms MarkObjects: 11.610300 ms  DeleteObjects: 0.900300 ms)

AssetImportParameters requested are different than current active one (requested -> active):
  custom:video-decoder-ogg-theora: a1e56fd34408186e4bbccfd4996cb3dc -> 
  custom:container-muxer-webm: aa71ff27fc2769a1b78a27578f13a17b -> 
  custom:container-demuxer-webm: 4f35f7cbe854078d1ac9338744f61a02 -> 
  custom:video-encoder-webm-vp8: eb34c28f22e8b96e1ab97ce403110664 -> 
  custom:video-codec-MediaFoundation-h265: 746d11721c4dcdbdad8f713fa42b33f4 -> 
  custom:audio-encoder-webm-vorbis: bf7c407c2cedff20999df2af8eb42d56 -> 
  custom:framework-win-MediaFoundation: 216162199b28c13a410421893ffa2e32 -> 
  custom:container-demuxer-ogg: 62fdf1f143b41e24485cea50d1cbac27 -> 
  custom:video-decoder-webm-vp8: 9c59270c3fd7afecdb556c50c9e8de78 -> 
  custom:audio-decoder-ogg-vorbis: bf7c407c2cedff20999df2af8eb42d56 -> 
========================================================================
Received Prepare
Registering precompiled user dll's ...
Registered in 0.008591 seconds.
Begin MonoManager ReloadAssembly
Native extension for WindowsStandalone target not found
Native extension for WebGL target not found
Refreshing native plugins compatible for Editor in 1.09 ms, found 3 plugins.
Preloading 0 native plugins for Editor in 0.00 ms.
Mono: successfully reloaded assembly
- Completed reload, in  1.364 seconds
Domain Reload Profiling:
	ReloadAssembly (1364ms)
		BeginReloadAssembly (137ms)
			ExecutionOrderSort (0ms)
			DisableScriptedObjects (8ms)
			BackupInstance (0ms)
			ReleaseScriptingObjects (0ms)
			CreateAndSetChildDomain (47ms)
		EndReloadAssembly (1138ms)
			LoadAssemblies (81ms)
			RebuildTransferFunctionScriptingTraits (0ms)
			SetupTypeCache (295ms)
			ReleaseScriptCaches (2ms)
			RebuildScriptCaches (43ms)
			SetupLoadedEditorAssemblies (615ms)
				LogAssemblyErrors (0ms)
				InitializePlatformSupportModulesInManaged (10ms)
				SetLoadedEditorAssemblies (0ms)
				RefreshPlugins (1ms)
				BeforeProcessingInitializeOnLoad (87ms)
				ProcessInitializeOnLoadAttributes (375ms)
				ProcessInitializeOnLoadMethodAttributes (138ms)
				AfterProcessingInitializeOnLoad (3ms)
				EditorAssembliesLoaded (0ms)
			ExecutionOrderSort2 (0ms)
			AwakeInstancesAfterBackupRestoration (11ms)
Platform modules already initialized, skipping
Refreshing native plugins compatible for Editor in 1.35 ms, found 3 plugins.
Preloading 0 native plugins for Editor in 0.00 ms.
Unloading 5495 Unused Serialized files (Serialized files now loaded: 0)
Unloading 72 unused Assets / (2.5 MB). Loaded Objects now: 6108.
Memory consumption went from 217.5 MB to 214.9 MB.
Total: 8.389100 ms (FindLiveObjects: 0.438500 ms CreateObjectMapping: 0.408800 ms MarkObjects: 6.614900 ms  DeleteObjects: 0.925800 ms)

AssetImportParameters requested are different than current active one (requested -> active):
  custom:video-decoder-ogg-theora: a1e56fd34408186e4bbccfd4996cb3dc -> 
  custom:container-muxer-webm: aa71ff27fc2769a1b78a27578f13a17b -> 
  custom:container-demuxer-webm: 4f35f7cbe854078d1ac9338744f61a02 -> 
  custom:video-encoder-webm-vp8: eb34c28f22e8b96e1ab97ce403110664 -> 
  custom:video-codec-MediaFoundation-h265: 746d11721c4dcdbdad8f713fa42b33f4 -> 
  custom:audio-encoder-webm-vorbis: bf7c407c2cedff20999df2af8eb42d56 -> 
  custom:framework-win-MediaFoundation: 216162199b28c13a410421893ffa2e32 -> 
  custom:container-demuxer-ogg: 62fdf1f143b41e24485cea50d1cbac27 -> 
  custom:video-decoder-webm-vp8: 9c59270c3fd7afecdb556c50c9e8de78 -> 
  custom:audio-decoder-ogg-vorbis: bf7c407c2cedff20999df2af8eb42d56 -> 
========================================================================
Received Prepare
Registering precompiled user dll's ...
Registered in 0.006638 seconds.
Begin MonoManager ReloadAssembly
Native extension for WindowsStandalone target not found
Native extension for WebGL target not found
Refreshing native plugins compatible for Editor in 1.09 ms, found 3 plugins.
Preloading 0 native plugins for Editor in 0.00 ms.
Mono: successfully reloaded assembly
- Completed reload, in  1.365 seconds
Domain Reload Profiling:
	ReloadAssembly (1366ms)
		BeginReloadAssembly (145ms)
			ExecutionOrderSort (0ms)
			DisableScriptedObjects (8ms)
			BackupInstance (0ms)
			ReleaseScriptingObjects (0ms)
			CreateAndSetChildDomain (54ms)
		EndReloadAssembly (1132ms)
			LoadAssemblies (88ms)
			RebuildTransferFunctionScriptingTraits (0ms)
			SetupTypeCache (295ms)
			ReleaseScriptCaches (2ms)
			RebuildScriptCaches (43ms)
			SetupLoadedEditorAssemblies (602ms)
				LogAssemblyErrors (0ms)
				InitializePlatformSupportModulesInManaged (10ms)
				SetLoadedEditorAssemblies (0ms)
				RefreshPlugins (1ms)
				BeforeProcessingInitializeOnLoad (81ms)
				ProcessInitializeOnLoadAttributes (370ms)
				ProcessInitializeOnLoadMethodAttributes (136ms)
				AfterProcessingInitializeOnLoad (3ms)
				EditorAssembliesLoaded (0ms)
			ExecutionOrderSort2 (0ms)
			AwakeInstancesAfterBackupRestoration (14ms)
Platform modules already initialized, skipping
Refreshing native plugins compatible for Editor in 1.72 ms, found 3 plugins.
Preloading 0 native plugins for Editor in 0.00 ms.
Unloading 5497 Unused Serialized files (Serialized files now loaded: 0)
Unloading 73 unused Assets / (2.9 MB). Loaded Objects now: 6111.
Memory consumption went from 218.1 MB to 215.1 MB.
Total: 10.628900 ms (FindLiveObjects: 0.471100 ms CreateObjectMapping: 0.517800 ms MarkObjects: 8.398900 ms  DeleteObjects: 1.239800 ms)

AssetImportParameters requested are different than current active one (requested -> active):
  custom:video-decoder-ogg-theora: a1e56fd34408186e4bbccfd4996cb3dc -> 
  custom:container-muxer-webm: aa71ff27fc2769a1b78a27578f13a17b -> 
  custom:container-demuxer-webm: 4f35f7cbe854078d1ac9338744f61a02 -> 
  custom:video-encoder-webm-vp8: eb34c28f22e8b96e1ab97ce403110664 -> 
  custom:video-codec-MediaFoundation-h265: 746d11721c4dcdbdad8f713fa42b33f4 -> 
  custom:audio-encoder-webm-vorbis: bf7c407c2cedff20999df2af8eb42d56 -> 
  custom:framework-win-MediaFoundation: 216162199b28c13a410421893ffa2e32 -> 
  custom:container-demuxer-ogg: 62fdf1f143b41e24485cea50d1cbac27 -> 
  custom:video-decoder-webm-vp8: 9c59270c3fd7afecdb556c50c9e8de78 -> 
  custom:audio-decoder-ogg-vorbis: bf7c407c2cedff20999df2af8eb42d56 -> 
========================================================================
Received Prepare
Registering precompiled user dll's ...
Registered in 0.006333 seconds.
Begin MonoManager ReloadAssembly
Native extension for WindowsStandalone target not found
Native extension for WebGL target not found
Refreshing native plugins compatible for Editor in 1.07 ms, found 3 plugins.
Preloading 0 native plugins for Editor in 0.00 ms.
Mono: successfully reloaded assembly
- Completed reload, in  1.354 seconds
Domain Reload Profiling:
	ReloadAssembly (1355ms)
		BeginReloadAssembly (157ms)
			ExecutionOrderSort (0ms)
			DisableScriptedObjects (8ms)
			BackupInstance (0ms)
			ReleaseScriptingObjects (0ms)
			CreateAndSetChildDomain (53ms)
		EndReloadAssembly (1107ms)
			LoadAssemblies (90ms)
			RebuildTransferFunctionScriptingTraits (0ms)
			SetupTypeCache (274ms)
			ReleaseScriptCaches (2ms)
			RebuildScriptCaches (45ms)
			SetupLoadedEditorAssemblies (590ms)
				LogAssemblyErrors (0ms)
				InitializePlatformSupportModulesInManaged (10ms)
				SetLoadedEditorAssemblies (0ms)
				RefreshPlugins (1ms)
				BeforeProcessingInitializeOnLoad (89ms)
				ProcessInitializeOnLoadAttributes (355ms)
				ProcessInitializeOnLoadMethodAttributes (130ms)
				AfterProcessingInitializeOnLoad (3ms)
				EditorAssembliesLoaded (0ms)
			ExecutionOrderSort2 (0ms)
			AwakeInstancesAfterBackupRestoration (11ms)
Platform modules already initialized, skipping
Refreshing native plugins compatible for Editor in 1.79 ms, found 3 plugins.
Preloading 0 native plugins for Editor in 0.00 ms.
Unloading 5497 Unused Serialized files (Serialized files now loaded: 0)
Unloading 73 unused Assets / (3.0 MB). Loaded Objects now: 6113.
Memory consumption went from 217.9 MB to 215.0 MB.
Total: 10.654500 ms (FindLiveObjects: 0.577200 ms CreateObjectMapping: 0.511400 ms MarkObjects: 8.450000 ms  DeleteObjects: 1.114800 ms)

AssetImportParameters requested are different than current active one (requested -> active):
  custom:video-decoder-ogg-theora: a1e56fd34408186e4bbccfd4996cb3dc -> 
  custom:container-muxer-webm: aa71ff27fc2769a1b78a27578f13a17b -> 
  custom:container-demuxer-webm: 4f35f7cbe854078d1ac9338744f61a02 -> 
  custom:video-encoder-webm-vp8: eb34c28f22e8b96e1ab97ce403110664 -> 
  custom:video-codec-MediaFoundation-h265: 746d11721c4dcdbdad8f713fa42b33f4 -> 
  custom:audio-encoder-webm-vorbis: bf7c407c2cedff20999df2af8eb42d56 -> 
  custom:framework-win-MediaFoundation: 216162199b28c13a410421893ffa2e32 -> 
  custom:container-demuxer-ogg: 62fdf1f143b41e24485cea50d1cbac27 -> 
  custom:video-decoder-webm-vp8: 9c59270c3fd7afecdb556c50c9e8de78 -> 
  custom:audio-decoder-ogg-vorbis: bf7c407c2cedff20999df2af8eb42d56 -> 
========================================================================
Received Import Request.
  Time since last request: 3277.383933 seconds.
  path: Assets/LowPolyWater_Pack
  artifactKey: Guid(8e8aa3ef4c5816842ababc2034d17c08) Importer(815301076,1909f56bfc062723c751e8b465ee728b)
Start importing Assets/LowPolyWater_Pack using Guid(8e8aa3ef4c5816842ababc2034d17c08) Importer(815301076,1909f56bfc062723c751e8b465ee728b)  -> (artifact id: 'fb239216720ff6afe85acf8086045bc9') in 0.007347 seconds 
========================================================================
Received Prepare
Registering precompiled user dll's ...
Registered in 0.007956 seconds.
Begin MonoManager ReloadAssembly
Native extension for WindowsStandalone target not found
Native extension for WebGL target not found
Refreshing native plugins compatible for Editor in 1.09 ms, found 3 plugins.
Preloading 0 native plugins for Editor in 0.00 ms.
Mono: successfully reloaded assembly
- Completed reload, in  1.365 seconds
Domain Reload Profiling:
	ReloadAssembly (1365ms)
		BeginReloadAssembly (136ms)
			ExecutionOrderSort (0ms)
			DisableScriptedObjects (7ms)
			BackupInstance (0ms)
			ReleaseScriptingObjects (0ms)
			CreateAndSetChildDomain (44ms)
		EndReloadAssembly (1137ms)
			LoadAssemblies (89ms)
			RebuildTransferFunctionScriptingTraits (0ms)
			SetupTypeCache (296ms)
			ReleaseScriptCaches (2ms)
			RebuildScriptCaches (51ms)
			SetupLoadedEditorAssemblies (602ms)
				LogAssemblyErrors (0ms)
				InitializePlatformSupportModulesInManaged (10ms)
				SetLoadedEditorAssemblies (0ms)
				RefreshPlugins (1ms)
				BeforeProcessingInitializeOnLoad (85ms)
				ProcessInitializeOnLoadAttributes (382ms)
				ProcessInitializeOnLoadMethodAttributes (120ms)
				AfterProcessingInitializeOnLoad (3ms)
				EditorAssembliesLoaded (0ms)
			ExecutionOrderSort2 (0ms)
			AwakeInstancesAfterBackupRestoration (12ms)
Platform modules already initialized, skipping
Refreshing native plugins compatible for Editor in 1.77 ms, found 3 plugins.
Preloading 0 native plugins for Editor in 0.00 ms.
Unloading 5497 Unused Serialized files (Serialized files now loaded: 0)
Unloading 73 unused Assets / (2.9 MB). Loaded Objects now: 6115.
Memory consumption went from 218.1 MB to 215.2 MB.
Total: 8.279700 ms (FindLiveObjects: 0.523700 ms CreateObjectMapping: 0.506200 ms MarkObjects: 5.546900 ms  DeleteObjects: 1.701900 ms)

AssetImportParameters requested are different than current active one (requested -> active):
  custom:video-decoder-ogg-theora: a1e56fd34408186e4bbccfd4996cb3dc -> 
  custom:container-muxer-webm: aa71ff27fc2769a1b78a27578f13a17b -> 
  custom:container-demuxer-webm: 4f35f7cbe854078d1ac9338744f61a02 -> 
  custom:video-encoder-webm-vp8: eb34c28f22e8b96e1ab97ce403110664 -> 
  custom:video-codec-MediaFoundation-h265: 746d11721c4dcdbdad8f713fa42b33f4 -> 
  custom:audio-encoder-webm-vorbis: bf7c407c2cedff20999df2af8eb42d56 -> 
  custom:framework-win-MediaFoundation: 216162199b28c13a410421893ffa2e32 -> 
  custom:container-demuxer-ogg: 62fdf1f143b41e24485cea50d1cbac27 -> 
  custom:video-decoder-webm-vp8: 9c59270c3fd7afecdb556c50c9e8de78 -> 
  custom:audio-decoder-ogg-vorbis: bf7c407c2cedff20999df2af8eb42d56 -> 
========================================================================
Received Prepare
Registering precompiled user dll's ...
Registered in 0.008112 seconds.
Begin MonoManager ReloadAssembly
Native extension for WindowsStandalone target not found
Native extension for WebGL target not found
Refreshing native plugins compatible for Editor in 1.64 ms, found 3 plugins.
Preloading 0 native plugins for Editor in 0.00 ms.
Mono: successfully reloaded assembly
- Completed reload, in  1.360 seconds
Domain Reload Profiling:
	ReloadAssembly (1361ms)
		BeginReloadAssembly (128ms)
			ExecutionOrderSort (0ms)
			DisableScriptedObjects (8ms)
			BackupInstance (0ms)
			ReleaseScriptingObjects (0ms)
			CreateAndSetChildDomain (44ms)
		EndReloadAssembly (1134ms)
			LoadAssemblies (76ms)
			RebuildTransferFunctionScriptingTraits (0ms)
			SetupTypeCache (279ms)
			ReleaseScriptCaches (2ms)
			RebuildScriptCaches (44ms)
			SetupLoadedEditorAssemblies (621ms)
				LogAssemblyErrors (0ms)
				InitializePlatformSupportModulesInManaged (12ms)
				SetLoadedEditorAssemblies (1ms)
				RefreshPlugins (2ms)
				BeforeProcessingInitializeOnLoad (90ms)
				ProcessInitializeOnLoadAttributes (378ms)
				ProcessInitializeOnLoadMethodAttributes (135ms)
				AfterProcessingInitializeOnLoad (3ms)
				EditorAssembliesLoaded (0ms)
			ExecutionOrderSort2 (0ms)
			AwakeInstancesAfterBackupRestoration (15ms)
Platform modules already initialized, skipping
Refreshing native plugins compatible for Editor in 1.58 ms, found 3 plugins.
Preloading 0 native plugins for Editor in 0.00 ms.
Unloading 5497 Unused Serialized files (Serialized files now loaded: 0)
Unloading 73 unused Assets / (3.0 MB). Loaded Objects now: 6117.
Memory consumption went from 218.2 MB to 215.2 MB.
Total: 11.103800 ms (FindLiveObjects: 0.704000 ms CreateObjectMapping: 0.469500 ms MarkObjects: 8.204200 ms  DeleteObjects: 1.724900 ms)

AssetImportParameters requested are different than current active one (requested -> active):
  custom:video-decoder-ogg-theora: a1e56fd34408186e4bbccfd4996cb3dc -> 
  custom:container-muxer-webm: aa71ff27fc2769a1b78a27578f13a17b -> 
  custom:container-demuxer-webm: 4f35f7cbe854078d1ac9338744f61a02 -> 
  custom:video-encoder-webm-vp8: eb34c28f22e8b96e1ab97ce403110664 -> 
  custom:video-codec-MediaFoundation-h265: 746d11721c4dcdbdad8f713fa42b33f4 -> 
  custom:audio-encoder-webm-vorbis: bf7c407c2cedff20999df2af8eb42d56 -> 
  custom:framework-win-MediaFoundation: 216162199b28c13a410421893ffa2e32 -> 
  custom:container-demuxer-ogg: 62fdf1f143b41e24485cea50d1cbac27 -> 
  custom:video-decoder-webm-vp8: 9c59270c3fd7afecdb556c50c9e8de78 -> 
  custom:audio-decoder-ogg-vorbis: bf7c407c2cedff20999df2af8eb42d56 -> 
========================================================================
Received Prepare
Registering precompiled user dll's ...
Registered in 0.005805 seconds.
Begin MonoManager ReloadAssembly
Native extension for WindowsStandalone target not found
Native extension for WebGL target not found
Refreshing native plugins compatible for Editor in 1.13 ms, found 3 plugins.
Preloading 0 native plugins for Editor in 0.00 ms.
Mono: successfully reloaded assembly
- Completed reload, in  1.468 seconds
Domain Reload Profiling:
	ReloadAssembly (1469ms)
		BeginReloadAssembly (194ms)
			ExecutionOrderSort (0ms)
			DisableScriptedObjects (9ms)
			BackupInstance (0ms)
			ReleaseScriptingObjects (0ms)
			CreateAndSetChildDomain (56ms)
		EndReloadAssembly (1162ms)
			LoadAssemblies (117ms)
			RebuildTransferFunctionScriptingTraits (0ms)
			SetupTypeCache (278ms)
			ReleaseScriptCaches (2ms)
			RebuildScriptCaches (47ms)
			SetupLoadedEditorAssemblies (634ms)
				LogAssemblyErrors (0ms)
				InitializePlatformSupportModulesInManaged (11ms)
				SetLoadedEditorAssemblies (0ms)
				RefreshPlugins (1ms)
				BeforeProcessingInitializeOnLoad (88ms)
				ProcessInitializeOnLoadAttributes (398ms)
				ProcessInitializeOnLoadMethodAttributes (131ms)
				AfterProcessingInitializeOnLoad (5ms)
				EditorAssembliesLoaded (0ms)
			ExecutionOrderSort2 (0ms)
			AwakeInstancesAfterBackupRestoration (12ms)
Platform modules already initialized, skipping
Refreshing native plugins compatible for Editor in 1.64 ms, found 3 plugins.
Preloading 0 native plugins for Editor in 0.00 ms.
Unloading 5497 Unused Serialized files (Serialized files now loaded: 0)
Unloading 73 unused Assets / (3.0 MB). Loaded Objects now: 6119.
Memory consumption went from 218.2 MB to 215.3 MB.
Total: 13.992500 ms (FindLiveObjects: 0.663500 ms CreateObjectMapping: 0.675100 ms MarkObjects: 10.253000 ms  DeleteObjects: 2.399000 ms)

AssetImportParameters requested are different than current active one (requested -> active):
  custom:video-decoder-ogg-theora: a1e56fd34408186e4bbccfd4996cb3dc -> 
  custom:container-muxer-webm: aa71ff27fc2769a1b78a27578f13a17b -> 
  custom:container-demuxer-webm: 4f35f7cbe854078d1ac9338744f61a02 -> 
  custom:video-encoder-webm-vp8: eb34c28f22e8b96e1ab97ce403110664 -> 
  custom:video-codec-MediaFoundation-h265: 746d11721c4dcdbdad8f713fa42b33f4 -> 
  custom:audio-encoder-webm-vorbis: bf7c407c2cedff20999df2af8eb42d56 -> 
  custom:framework-win-MediaFoundation: 216162199b28c13a410421893ffa2e32 -> 
  custom:container-demuxer-ogg: 62fdf1f143b41e24485cea50d1cbac27 -> 
  custom:video-decoder-webm-vp8: 9c59270c3fd7afecdb556c50c9e8de78 -> 
  custom:audio-decoder-ogg-vorbis: bf7c407c2cedff20999df2af8eb42d56 -> 
========================================================================
Received Import Request.
  Time since last request: 1658.889302 seconds.
  path: Assets/_TerrainAutoUpgrade/layer_GroundGrassColorGroundDirtNormal2023054508611406.terrainlayer
  artifactKey: Guid(3db2df259dade1e4cbf102b1d2554e57) Importer(815301076,1909f56bfc062723c751e8b465ee728b)
Start importing Assets/_TerrainAutoUpgrade/layer_GroundGrassColorGroundDirtNormal2023054508611406.terrainlayer using Guid(3db2df259dade1e4cbf102b1d2554e57) Importer(815301076,1909f56bfc062723c751e8b465ee728b)  -> (artifact id: 'd71176a68a66c57709df3e46dc1319b5') in 0.076496 seconds 
========================================================================
Received Import Request.
  Time since last request: 0.000028 seconds.
  path: Assets/_TerrainAutoUpgrade/layer_GroundTilesBrokenColorGroundTilesBrokenNormal793646612c42751.terrainlayer
  artifactKey: Guid(1aba1fd1ce24662418ee6e687aaf7f4c) Importer(815301076,1909f56bfc062723c751e8b465ee728b)
Start importing Assets/_TerrainAutoUpgrade/layer_GroundTilesBrokenColorGroundTilesBrokenNormal793646612c42751.terrainlayer using Guid(1aba1fd1ce24662418ee6e687aaf7f4c) Importer(815301076,1909f56bfc062723c751e8b465ee728b)  -> (artifact id: '99e0b34a654b41722b9ba50642a7b03a') in 0.011066 seconds 
========================================================================
Received Import Request.
  Time since last request: 0.000022 seconds.
  path: Assets/_TerrainAutoUpgrade/layer_GroundSandColorGroundDirtNormal2023054508611406.terrainlayer
  artifactKey: Guid(cf1bfacd07f5a4342a4f733eefc6f782) Importer(815301076,1909f56bfc062723c751e8b465ee728b)
Start importing Assets/_TerrainAutoUpgrade/layer_GroundSandColorGroundDirtNormal2023054508611406.terrainlayer using Guid(cf1bfacd07f5a4342a4f733eefc6f782) Importer(815301076,1909f56bfc062723c751e8b465ee728b)  -> (artifact id: '1e06420138491557369429bb4b23fb8f') in 0.006720 seconds 
========================================================================
Received Import Request.
  Time since last request: 2.488965 seconds.
  path: Assets/Models/LowPolyBrickHouses/Textures/GroundDirtNormal.png
  artifactKey: Guid(ec99ae2a9a160514aa854d65810dafb2) Importer(815301076,1909f56bfc062723c751e8b465ee728b)
Start importing Assets/Models/LowPolyBrickHouses/Textures/GroundDirtNormal.png using Guid(ec99ae2a9a160514aa854d65810dafb2) Importer(815301076,1909f56bfc062723c751e8b465ee728b)  -> (artifact id: '44c89c29994abb01de2c73edd1bf4aba') in 0.025239 seconds 
Editor requested this worker to shutdown with reason: Scaling down because of idle timeout
AssetImportWorker is now disconnected from the server
Process exiting
Exiting without the bug reporter. Application will terminate with return code 0