Using pre-set license
Built from '2021.2/staging' branch; Version is '2021.2.4f1 (99ba6aa4c552) revision 10074730'; Using compiler version '192829333'; Build Type 'Release'
OS: 'Windows 10 Pro; OS build 19041.1348; Version 2004; 64bit' Language: 'en' Physical Memory: 32683 MB
BatchMode: 1, IsHumanControllingUs: 0, StartBugReporterOnCrash: 0, Is64bit: 1, IsPro: 0

COMMAND LINE ARGUMENTS:
M:\unity\2021.2.4f1\Editor\Unity.exe
-adb2
-batchMode
-noUpm
-name
AssetImportWorker9
-projectPath
M:/General Game Dev Assets - Projects - Tentalinked here/Game Jam 2/IDG-Game-Jam
-logFile
Logs/AssetImportWorker9.log
-srvPort
56733
Successfully changed project path to: M:/General Game Dev Assets - Projects - Tentalinked here/Game Jam 2/IDG-Game-Jam
M:/General Game Dev Assets - Projects - Tentalinked here/Game Jam 2/IDG-Game-Jam
[UnityMemory] Configuration Parameters - Can be set up in boot.config
    "memorysetup-bucket-allocator-granularity=16"
    "memorysetup-bucket-allocator-bucket-count=8"
    "memorysetup-bucket-allocator-block-size=33554432"
    "memorysetup-bucket-allocator-block-count=8"
    "memorysetup-main-allocator-block-size=16777216"
    "memorysetup-thread-allocator-block-size=16777216"
    "memorysetup-gfx-main-allocator-block-size=16777216"
    "memorysetup-gfx-thread-allocator-block-size=16777216"
    "memorysetup-cache-allocator-block-size=4194304"
    "memorysetup-typetree-allocator-block-size=2097152"
    "memorysetup-profiler-bucket-allocator-granularity=16"
    "memorysetup-profiler-bucket-allocator-bucket-count=8"
    "memorysetup-profiler-bucket-allocator-block-size=33554432"
    "memorysetup-profiler-bucket-allocator-block-count=8"
    "memorysetup-profiler-allocator-block-size=16777216"
    "memorysetup-profiler-editor-allocator-block-size=1048576"
    "memorysetup-temp-allocator-size-main=16777216"
    "memorysetup-job-temp-allocator-block-size=2097152"
    "memorysetup-job-temp-allocator-block-size-background=1048576"
    "memorysetup-job-temp-allocator-reduction-small-platforms=262144"
    "memorysetup-temp-allocator-size-background-worker=32768"
    "memorysetup-temp-allocator-size-job-worker=262144"
    "memorysetup-temp-allocator-size-preload-manager=33554432"
    "memorysetup-temp-allocator-size-nav-mesh-worker=65536"
    "memorysetup-temp-allocator-size-audio-worker=65536"
    "memorysetup-temp-allocator-size-cloud-worker=32768"
    "memorysetup-temp-allocator-size-gi-baking-worker=262144"
    "memorysetup-temp-allocator-size-gfx=262144"
Refreshing native plugins compatible for Editor in 121.93 ms, found 4 plugins.
Preloading 0 native plugins for Editor in 0.00 ms.
Initialize engine version: 2021.2.4f1 (99ba6aa4c552)
[Subsystems] Discovering subsystems at path M:/unity/2021.2.4f1/Editor/Data/Resources/UnitySubsystems
[Subsystems] Discovering subsystems at path M:/General Game Dev Assets - Projects - Tentalinked here/Game Jam 2/IDG-Game-Jam/Assets
GfxDevice: creating device client; threaded=0; jobified=0
Direct3D:
    Version:  Direct3D 11.0 [level 11.1]
    Renderer: NVIDIA GeForce GTX 1070 (ID=0x1b81)
    Vendor:   NVIDIA
    VRAM:     8088 MB
    Driver:   27.21.14.5671
Initialize mono
Mono path[0] = 'M:/unity/2021.2.4f1/Editor/Data/Managed'
Mono path[1] = 'M:/unity/2021.2.4f1/Editor/Data/MonoBleedingEdge/lib/mono/unityjit-win32'
Mono config path = 'M:/unity/2021.2.4f1/Editor/Data/MonoBleedingEdge/etc'
Using monoOptions --debugger-agent=transport=dt_socket,embedding=1,server=y,suspend=n,address=127.0.0.1:56612
Begin MonoManager ReloadAssembly
Registering precompiled unity dll's ...
Register platform support module: M:/unity/2021.2.4f1/Editor/Data/PlaybackEngines/WebGLSupport/UnityEditor.WebGL.Extensions.dll
Register platform support module: M:/unity/2021.2.4f1/Editor/Data/PlaybackEngines/WindowsStandaloneSupport/UnityEditor.WindowsStandalone.Extensions.dll
Registered in 0.002684 seconds.
Native extension for WindowsStandalone target not found
Native extension for WebGL target not found
Refreshing native plugins compatible for Editor in 108.30 ms, found 4 plugins.
Preloading 0 native plugins for Editor in 0.00 ms.
Mono: successfully reloaded assembly
- Completed reload, in  0.597 seconds
Domain Reload Profiling:
	ReloadAssembly (597ms)
		BeginReloadAssembly (62ms)
			ExecutionOrderSort (0ms)
			DisableScriptedObjects (0ms)
			BackupInstance (0ms)
			ReleaseScriptingObjects (0ms)
			CreateAndSetChildDomain (1ms)
		EndReloadAssembly (467ms)
			LoadAssemblies (61ms)
			RebuildTransferFunctionScriptingTraits (0ms)
			SetupTypeCache (97ms)
			ReleaseScriptCaches (0ms)
			RebuildScriptCaches (25ms)
			SetupLoadedEditorAssemblies (300ms)
				LogAssemblyErrors (0ms)
				InitializePlatformSupportModulesInManaged (14ms)
				SetLoadedEditorAssemblies (0ms)
				RefreshPlugins (108ms)
				BeforeProcessingInitializeOnLoad (1ms)
				ProcessInitializeOnLoadAttributes (134ms)
				ProcessInitializeOnLoadMethodAttributes (42ms)
				AfterProcessingInitializeOnLoad (0ms)
				EditorAssembliesLoaded (0ms)
			ExecutionOrderSort2 (0ms)
			AwakeInstancesAfterBackupRestoration (0ms)
Platform modules already initialized, skipping
Registering precompiled user dll's ...
Registered in 0.004901 seconds.
Begin MonoManager ReloadAssembly
Native extension for WindowsStandalone target not found
Native extension for WebGL target not found
Refreshing native plugins compatible for Editor in 108.11 ms, found 4 plugins.
Preloading 0 native plugins for Editor in 0.00 ms.
[ScriptCompilation] NOT recompiling all scripts because this is an import worker process. Reason to compile was: Define symbols changed
Package Manager log level set to [2]
Mono: successfully reloaded assembly
- Completed reload, in  1.594 seconds
Domain Reload Profiling:
	ReloadAssembly (1595ms)
		BeginReloadAssembly (158ms)
			ExecutionOrderSort (0ms)
			DisableScriptedObjects (6ms)
			BackupInstance (0ms)
			ReleaseScriptingObjects (0ms)
			CreateAndSetChildDomain (19ms)
		EndReloadAssembly (1352ms)
			LoadAssemblies (79ms)
			RebuildTransferFunctionScriptingTraits (0ms)
			SetupTypeCache (274ms)
			ReleaseScriptCaches (1ms)
			RebuildScriptCaches (58ms)
			SetupLoadedEditorAssemblies (835ms)
				LogAssemblyErrors (0ms)
				InitializePlatformSupportModulesInManaged (10ms)
				SetLoadedEditorAssemblies (0ms)
				RefreshPlugins (108ms)
				BeforeProcessingInitializeOnLoad (104ms)
				ProcessInitializeOnLoadAttributes (532ms)
				ProcessInitializeOnLoadMethodAttributes (77ms)
				AfterProcessingInitializeOnLoad (3ms)
				EditorAssembliesLoaded (0ms)
			ExecutionOrderSort2 (0ms)
			AwakeInstancesAfterBackupRestoration (6ms)
Platform modules already initialized, skipping
========================================================================
Worker process is ready to serve import requests
Launched and connected shader compiler UnityShaderCompiler.exe after 0.04 seconds
Refreshing native plugins compatible for Editor in 1.53 ms, found 4 plugins.
Preloading 0 native plugins for Editor in 0.00 ms.
Unloading 4883 Unused Serialized files (Serialized files now loaded: 0)
Unloading 189 unused Assets / (2.8 MB). Loaded Objects now: 5305.
Memory consumption went from 203.4 MB to 200.7 MB.
Total: 10.182700 ms (FindLiveObjects: 0.385800 ms CreateObjectMapping: 0.435500 ms MarkObjects: 8.414400 ms  DeleteObjects: 0.945900 ms)

AssetImportParameters requested are different than current active one (requested -> active):
  custom:video-decoder-ogg-theora: a1e56fd34408186e4bbccfd4996cb3dc -> 
  custom:container-muxer-webm: aa71ff27fc2769a1b78a27578f13a17b -> 
  custom:container-demuxer-webm: 4f35f7cbe854078d1ac9338744f61a02 -> 
  custom:video-encoder-webm-vp8: eb34c28f22e8b96e1ab97ce403110664 -> 
  custom:video-codec-MediaFoundation-h265: 746d11721c4dcdbdad8f713fa42b33f4 -> 
  custom:audio-encoder-webm-vorbis: bf7c407c2cedff20999df2af8eb42d56 -> 
  custom:framework-win-MediaFoundation: 216162199b28c13a410421893ffa2e32 -> 
  custom:container-demuxer-ogg: 62fdf1f143b41e24485cea50d1cbac27 -> 
  custom:video-decoder-webm-vp8: 9c59270c3fd7afecdb556c50c9e8de78 -> 
  custom:audio-decoder-ogg-vorbis: bf7c407c2cedff20999df2af8eb42d56 -> 
========================================================================
Received Import Request.
  Time since last request: 341624.669549 seconds.
  path: Assets/Models/LP Rocks/Models/Rock Type1 02.dae
  artifactKey: Guid(110d2d66b09076d4e88fb91dc58961ab) Importer(815301076,1909f56bfc062723c751e8b465ee728b)
Start importing Assets/Models/LP Rocks/Models/Rock Type1 02.dae using Guid(110d2d66b09076d4e88fb91dc58961ab) Importer(815301076,1909f56bfc062723c751e8b465ee728b)  -> (artifact id: '8ac27a3ad6a3da9c1296879e2d47ffa6') in 0.181614 seconds 
========================================================================
Received Import Request.
  Time since last request: 0.000023 seconds.
  path: Assets/Models/LP Rocks/Models/Rock Type1 04.dae
  artifactKey: Guid(50c02f0fd54eb9f4f8869a398c63d3d0) Importer(815301076,1909f56bfc062723c751e8b465ee728b)
Start importing Assets/Models/LP Rocks/Models/Rock Type1 04.dae using Guid(50c02f0fd54eb9f4f8869a398c63d3d0) Importer(815301076,1909f56bfc062723c751e8b465ee728b)  -> (artifact id: '7c548756be42a961234722d9e0a49e47') in 0.012186 seconds 
========================================================================
Received Import Request.
  Time since last request: 0.000030 seconds.
  path: Assets/Models/LP Rocks/Models/Rock Type4 01.dae
  artifactKey: Guid(4f025ccab8429664ea3422a254c221ca) Importer(815301076,1909f56bfc062723c751e8b465ee728b)
Start importing Assets/Models/LP Rocks/Models/Rock Type4 01.dae using Guid(4f025ccab8429664ea3422a254c221ca) Importer(815301076,1909f56bfc062723c751e8b465ee728b)  -> (artifact id: 'e939e077fc5809003ac8c75f2e1a4977') in 0.013975 seconds 
========================================================================
Received Import Request.
  Time since last request: 0.000028 seconds.
  path: Assets/Models/LP Rocks/Models/Rock Type2 01.dae
  artifactKey: Guid(6425f5e52f03e4340a3afa5f62f57a0d) Importer(815301076,1909f56bfc062723c751e8b465ee728b)
Start importing Assets/Models/LP Rocks/Models/Rock Type2 01.dae using Guid(6425f5e52f03e4340a3afa5f62f57a0d) Importer(815301076,1909f56bfc062723c751e8b465ee728b)  -> (artifact id: 'f566ff33342b3fe851460540fc9221a4') in 0.013925 seconds 
========================================================================
Received Import Request.
  Time since last request: 0.000020 seconds.
  path: Assets/Models/LP Rocks/Models/Rock Type4 04.dae
  artifactKey: Guid(4ae004581940d5b4893d1326d72ca2d7) Importer(815301076,1909f56bfc062723c751e8b465ee728b)
Start importing Assets/Models/LP Rocks/Models/Rock Type4 04.dae using Guid(4ae004581940d5b4893d1326d72ca2d7) Importer(815301076,1909f56bfc062723c751e8b465ee728b)  -> (artifact id: 'a642f9c7316a29e3cef039564a2e0b19') in 0.012878 seconds 
========================================================================
Received Import Request.
  Time since last request: 0.000019 seconds.
  path: Assets/Models/LP Rocks/Models/Rock Type5 02.dae
  artifactKey: Guid(ee344ff51e4ffbb41949e122c861e46d) Importer(815301076,1909f56bfc062723c751e8b465ee728b)
Start importing Assets/Models/LP Rocks/Models/Rock Type5 02.dae using Guid(ee344ff51e4ffbb41949e122c861e46d) Importer(815301076,1909f56bfc062723c751e8b465ee728b)  -> (artifact id: 'd632ed9666b1b5b6bc34e97b708c9153') in 0.013419 seconds 
========================================================================
Received Import Request.
  Time since last request: 0.000019 seconds.
  path: Assets/Models/LP Rocks/Models/Rock Type6 04.dae
  artifactKey: Guid(c4534353dff9c6c468c490e0560f8f91) Importer(815301076,1909f56bfc062723c751e8b465ee728b)
Start importing Assets/Models/LP Rocks/Models/Rock Type6 04.dae using Guid(c4534353dff9c6c468c490e0560f8f91) Importer(815301076,1909f56bfc062723c751e8b465ee728b)  -> (artifact id: 'c80740fc64c898d95ef06a363b12edc2') in 0.012732 seconds 
========================================================================
Received Import Request.
  Time since last request: 0.000021 seconds.
  path: Assets/Models/LP Rocks/Models/Rock Type2 02.dae
  artifactKey: Guid(815ec0c049d4ec849bd4960c32e13ec2) Importer(815301076,1909f56bfc062723c751e8b465ee728b)
Start importing Assets/Models/LP Rocks/Models/Rock Type2 02.dae using Guid(815ec0c049d4ec849bd4960c32e13ec2) Importer(815301076,1909f56bfc062723c751e8b465ee728b)  -> (artifact id: '1192604931849d45ca3dad3a7002b9e5') in 0.012638 seconds 
========================================================================
Received Import Request.
  Time since last request: 0.000024 seconds.
  path: Assets/Models/LP Rocks/Models/Rock Type1 03.dae
  artifactKey: Guid(9d775005a3ddca74096b475e99b14c13) Importer(815301076,1909f56bfc062723c751e8b465ee728b)
Start importing Assets/Models/LP Rocks/Models/Rock Type1 03.dae using Guid(9d775005a3ddca74096b475e99b14c13) Importer(815301076,1909f56bfc062723c751e8b465ee728b)  -> (artifact id: 'd3bd2d66a747d8f6758633b7c583f587') in 0.013323 seconds 
========================================================================
Received Import Request.
  Time since last request: 0.000020 seconds.
  path: Assets/Models/LP Rocks/Models/Rock Type6 01.dae
  artifactKey: Guid(5f0c6f2eeb60c374aad117bde2bd80a1) Importer(815301076,1909f56bfc062723c751e8b465ee728b)
Start importing Assets/Models/LP Rocks/Models/Rock Type6 01.dae using Guid(5f0c6f2eeb60c374aad117bde2bd80a1) Importer(815301076,1909f56bfc062723c751e8b465ee728b)  -> (artifact id: '8bc6999779679c06315c67ba2fe81b4e') in 0.012000 seconds 
========================================================================
Received Import Request.
  Time since last request: 54.123991 seconds.
  path: Assets/Models/LP Cars/Models/Car 2.fbx
  artifactKey: Guid(d857dc8da4a0e2b4088a55b525d92cc8) Importer(815301076,1909f56bfc062723c751e8b465ee728b)
Start importing Assets/Models/LP Cars/Models/Car 2.fbx using Guid(d857dc8da4a0e2b4088a55b525d92cc8) Importer(815301076,1909f56bfc062723c751e8b465ee728b)  -> (artifact id: 'b3711336a1729afa37120f0a636694a9') in 0.095869 seconds 
========================================================================
Received Import Request.
  Time since last request: 0.000032 seconds.
  path: Assets/Models/LP Cars/Models/Car 5.fbx
  artifactKey: Guid(5f62ea725ac15c145bade1597645729b) Importer(815301076,1909f56bfc062723c751e8b465ee728b)
Start importing Assets/Models/LP Cars/Models/Car 5.fbx using Guid(5f62ea725ac15c145bade1597645729b) Importer(815301076,1909f56bfc062723c751e8b465ee728b)  -> (artifact id: 'de5c0e5e744a892e4c5b0a3df8cde75d') in 0.056926 seconds 
========================================================================
Received Import Request.
  Time since last request: 0.000033 seconds.
  path: Assets/Models/LP Cars/Models/Policecar.fbx
  artifactKey: Guid(72127dfd2b4ece84fafa67f6eee23e99) Importer(815301076,1909f56bfc062723c751e8b465ee728b)
Start importing Assets/Models/LP Cars/Models/Policecar.fbx using Guid(72127dfd2b4ece84fafa67f6eee23e99) Importer(815301076,1909f56bfc062723c751e8b465ee728b)  -> (artifact id: '21f32e68a270118789c2a6448faad9c7') in 0.053900 seconds 
========================================================================
Received Import Request.
  Time since last request: 0.000019 seconds.
  path: Assets/Models/LP Cars/Models/Car 6.fbx
  artifactKey: Guid(c5f8cfdbf35eea042bfcea749a4e7bc2) Importer(815301076,1909f56bfc062723c751e8b465ee728b)
Start importing Assets/Models/LP Cars/Models/Car 6.fbx using Guid(c5f8cfdbf35eea042bfcea749a4e7bc2) Importer(815301076,1909f56bfc062723c751e8b465ee728b)  -> (artifact id: '6051176d9f54707fd558deab468b27a5') in 0.056993 seconds 
========================================================================
Received Import Request.
  Time since last request: 10.114293 seconds.
  path: Assets/Models/LP Cars/Materials/PBR/Car_Paint_Purple.mat
  artifactKey: Guid(fcf59a39d922f5b408fb9de922c1ee34) Importer(815301076,1909f56bfc062723c751e8b465ee728b)
Start importing Assets/Models/LP Cars/Materials/PBR/Car_Paint_Purple.mat using Guid(fcf59a39d922f5b408fb9de922c1ee34) Importer(815301076,1909f56bfc062723c751e8b465ee728b)  -> (artifact id: '483a40dee83dc4b6d87987506e76f5f2') in 0.026925 seconds 
========================================================================
Received Import Request.
  Time since last request: 0.000024 seconds.
  path: Assets/Models/LP Cars/Materials/PBR/Car_Rubber.mat
  artifactKey: Guid(6d2772f3b3b6e97469d2b0a9b385ff1d) Importer(815301076,1909f56bfc062723c751e8b465ee728b)
Start importing Assets/Models/LP Cars/Materials/PBR/Car_Rubber.mat using Guid(6d2772f3b3b6e97469d2b0a9b385ff1d) Importer(815301076,1909f56bfc062723c751e8b465ee728b)  -> (artifact id: '5e0fefe7110e220c74d910dad6e095de') in 0.007648 seconds 
========================================================================
Received Import Request.
  Time since last request: 16.303163 seconds.
  path: Assets/Models/LP Cars/Materials/Unlit/Car_Paint_Purple_Unlit.mat
  artifactKey: Guid(b80ac39bd6871754f9b6885ff48eca51) Importer(815301076,1909f56bfc062723c751e8b465ee728b)
Start importing Assets/Models/LP Cars/Materials/Unlit/Car_Paint_Purple_Unlit.mat using Guid(b80ac39bd6871754f9b6885ff48eca51) Importer(815301076,1909f56bfc062723c751e8b465ee728b)  -> (artifact id: '0098cded0cb6a1602afcaf27e3a97b14') in 0.012134 seconds 
========================================================================
Received Import Request.
  Time since last request: 0.000019 seconds.
  path: Assets/Models/LP Cars/Materials/Unlit/Car_Paint_Yellow_Unlit.mat
  artifactKey: Guid(a0053e9b22b22a947b5c0b13d86934f9) Importer(815301076,1909f56bfc062723c751e8b465ee728b)
Start importing Assets/Models/LP Cars/Materials/Unlit/Car_Paint_Yellow_Unlit.mat using Guid(a0053e9b22b22a947b5c0b13d86934f9) Importer(815301076,1909f56bfc062723c751e8b465ee728b)  -> (artifact id: 'f5ab9ce379de66cc8f7937c7ec0e9a94') in 0.009540 seconds 
========================================================================
Received Import Request.
  Time since last request: 0.000026 seconds.
  path: Assets/Models/LP Cars/Materials/Unlit/Car_Paint_Silver_Unlit.mat
  artifactKey: Guid(a02bfad305321a7468f8194a49e7125f) Importer(815301076,1909f56bfc062723c751e8b465ee728b)
Start importing Assets/Models/LP Cars/Materials/Unlit/Car_Paint_Silver_Unlit.mat using Guid(a02bfad305321a7468f8194a49e7125f) Importer(815301076,1909f56bfc062723c751e8b465ee728b)  -> (artifact id: 'c3de36382e19677237e37b6038e453bf') in 0.007015 seconds 
========================================================================
Received Import Request.
  Time since last request: 303.744933 seconds.
  path: Assets/Models/LP Graveyard/Materials/ground.mat
  artifactKey: Guid(79cf9b1e0ef79bf489280ddf77bdecda) Importer(815301076,1909f56bfc062723c751e8b465ee728b)
Start importing Assets/Models/LP Graveyard/Materials/ground.mat using Guid(79cf9b1e0ef79bf489280ddf77bdecda) Importer(815301076,1909f56bfc062723c751e8b465ee728b)  -> (artifact id: '9bddcf5efa55f94aed6bbc05d1e82816') in 0.017892 seconds 
========================================================================
Received Import Request.
  Time since last request: 0.000031 seconds.
  path: Assets/Models/LP BrickHouse/Materials/Ground/Ground_Tiles_2.mat
  artifactKey: Guid(b8724dffa3024984c91406a3684d6761) Importer(815301076,1909f56bfc062723c751e8b465ee728b)
Start importing Assets/Models/LP BrickHouse/Materials/Ground/Ground_Tiles_2.mat using Guid(b8724dffa3024984c91406a3684d6761) Importer(815301076,1909f56bfc062723c751e8b465ee728b)  -> (artifact id: '7103a83313fa70f0dbfcf35d3556881f') in 0.243355 seconds 
========================================================================
Received Import Request.
  Time since last request: 9.384220 seconds.
  path: Assets/Textures/Flat Textures Pack/Materials/Cave_FireGround.mat
  artifactKey: Guid(058595cb07ad23946a0a151be620489b) Importer(815301076,1909f56bfc062723c751e8b465ee728b)
Start importing Assets/Textures/Flat Textures Pack/Materials/Cave_FireGround.mat using Guid(058595cb07ad23946a0a151be620489b) Importer(815301076,1909f56bfc062723c751e8b465ee728b)  -> (artifact id: '21d00d1d38bfca9d047797c21d13cf6b') in 0.011125 seconds 
========================================================================
Received Import Request.
  Time since last request: 0.233916 seconds.
  path: Assets/Textures/Flat Textures Pack/Materials/Cave_Magma.mat
  artifactKey: Guid(520938bf13624b04fb159c3db7351aca) Importer(815301076,1909f56bfc062723c751e8b465ee728b)
Start importing Assets/Textures/Flat Textures Pack/Materials/Cave_Magma.mat using Guid(520938bf13624b04fb159c3db7351aca) Importer(815301076,1909f56bfc062723c751e8b465ee728b)  -> (artifact id: 'e0626dff59840f236ac2304b6a35843b') in 0.009616 seconds 
========================================================================
Received Import Request.
  Time since last request: 0.011766 seconds.
  path: Assets/Models/LP Trees/Materials/Cold.mat
  artifactKey: Guid(d945c681c4504df439962c1a6f33d8af) Importer(815301076,1909f56bfc062723c751e8b465ee728b)
Start importing Assets/Models/LP Trees/Materials/Cold.mat using Guid(d945c681c4504df439962c1a6f33d8af) Importer(815301076,1909f56bfc062723c751e8b465ee728b)  -> (artifact id: 'ccec6439dce3a344caf062ce50756137') in 0.009824 seconds 
========================================================================
Received Import Request.
  Time since last request: 1.593445 seconds.
  path: Assets/Textures/Flat Textures Pack/Materials/Desert_Tiles.mat
  artifactKey: Guid(0420eef65a9103241abca4e53c4d74bb) Importer(815301076,1909f56bfc062723c751e8b465ee728b)
Start importing Assets/Textures/Flat Textures Pack/Materials/Desert_Tiles.mat using Guid(0420eef65a9103241abca4e53c4d74bb) Importer(815301076,1909f56bfc062723c751e8b465ee728b)  -> (artifact id: '4ded53ef92319dd04a5e8989d9294ebf') in 0.011789 seconds 
========================================================================
Received Import Request.
  Time since last request: 0.259573 seconds.
  path: Assets/Textures/Flat Textures Pack/Materials/Forest_RiverPebbles.mat
  artifactKey: Guid(33edbb19ee29c624ab5c9184c95c5f2b) Importer(815301076,1909f56bfc062723c751e8b465ee728b)
Start importing Assets/Textures/Flat Textures Pack/Materials/Forest_RiverPebbles.mat using Guid(33edbb19ee29c624ab5c9184c95c5f2b) Importer(815301076,1909f56bfc062723c751e8b465ee728b)  -> (artifact id: '27edb317c5da3913ae403511f92aa577') in 0.012337 seconds 
Editor requested this worker to shutdown with reason: Scaling down because of idle timeout
AssetImportWorker is now disconnected from the server
Process exiting
Exiting without the bug reporter. Application will terminate with return code 0