Using pre-set license
Built from '2021.2/staging' branch; Version is '2021.2.4f1 (99ba6aa4c552) revision 10074730'; Using compiler version '192829333'; Build Type 'Release'
OS: 'Windows 10 Pro; OS build 19041.1348; Version 2004; 64bit' Language: 'en' Physical Memory: 32683 MB
BatchMode: 1, IsHumanControllingUs: 0, StartBugReporterOnCrash: 0, Is64bit: 1, IsPro: 0

COMMAND LINE ARGUMENTS:
M:\unity\2021.2.4f1\Editor\Unity.exe
-adb2
-batchMode
-noUpm
-name
AssetImportWorker10
-projectPath
M:/General Game Dev Assets - Projects - Tentalinked here/Game Jam 2/IDG-Game-Jam
-logFile
Logs/AssetImportWorker10.log
-srvPort
52065
Successfully changed project path to: M:/General Game Dev Assets - Projects - Tentalinked here/Game Jam 2/IDG-Game-Jam
M:/General Game Dev Assets - Projects - Tentalinked here/Game Jam 2/IDG-Game-Jam
[UnityMemory] Configuration Parameters - Can be set up in boot.config
    "memorysetup-bucket-allocator-granularity=16"
    "memorysetup-bucket-allocator-bucket-count=8"
    "memorysetup-bucket-allocator-block-size=33554432"
    "memorysetup-bucket-allocator-block-count=8"
    "memorysetup-main-allocator-block-size=16777216"
    "memorysetup-thread-allocator-block-size=16777216"
    "memorysetup-gfx-main-allocator-block-size=16777216"
    "memorysetup-gfx-thread-allocator-block-size=16777216"
    "memorysetup-cache-allocator-block-size=4194304"
    "memorysetup-typetree-allocator-block-size=2097152"
    "memorysetup-profiler-bucket-allocator-granularity=16"
    "memorysetup-profiler-bucket-allocator-bucket-count=8"
    "memorysetup-profiler-bucket-allocator-block-size=33554432"
    "memorysetup-profiler-bucket-allocator-block-count=8"
    "memorysetup-profiler-allocator-block-size=16777216"
    "memorysetup-profiler-editor-allocator-block-size=1048576"
    "memorysetup-temp-allocator-size-main=16777216"
    "memorysetup-job-temp-allocator-block-size=2097152"
    "memorysetup-job-temp-allocator-block-size-background=1048576"
    "memorysetup-job-temp-allocator-reduction-small-platforms=262144"
    "memorysetup-temp-allocator-size-background-worker=32768"
    "memorysetup-temp-allocator-size-job-worker=262144"
    "memorysetup-temp-allocator-size-preload-manager=33554432"
    "memorysetup-temp-allocator-size-nav-mesh-worker=65536"
    "memorysetup-temp-allocator-size-audio-worker=65536"
    "memorysetup-temp-allocator-size-cloud-worker=32768"
    "memorysetup-temp-allocator-size-gi-baking-worker=262144"
    "memorysetup-temp-allocator-size-gfx=262144"
Refreshing native plugins compatible for Editor in 170.37 ms, found 4 plugins.
Preloading 0 native plugins for Editor in 0.00 ms.
Initialize engine version: 2021.2.4f1 (99ba6aa4c552)
[Subsystems] Discovering subsystems at path M:/unity/2021.2.4f1/Editor/Data/Resources/UnitySubsystems
[Subsystems] Discovering subsystems at path M:/General Game Dev Assets - Projects - Tentalinked here/Game Jam 2/IDG-Game-Jam/Assets
GfxDevice: creating device client; threaded=0; jobified=0
Direct3D:
    Version:  Direct3D 11.0 [level 11.1]
    Renderer: NVIDIA GeForce GTX 1070 (ID=0x1b81)
    Vendor:   NVIDIA
    VRAM:     8088 MB
    Driver:   27.21.14.5671
Initialize mono
Mono path[0] = 'M:/unity/2021.2.4f1/Editor/Data/Managed'
Mono path[1] = 'M:/unity/2021.2.4f1/Editor/Data/MonoBleedingEdge/lib/mono/unityjit-win32'
Mono config path = 'M:/unity/2021.2.4f1/Editor/Data/MonoBleedingEdge/etc'
Using monoOptions --debugger-agent=transport=dt_socket,embedding=1,server=y,suspend=n,address=127.0.0.1:56380
Begin MonoManager ReloadAssembly
Registering precompiled unity dll's ...
Register platform support module: M:/unity/2021.2.4f1/Editor/Data/PlaybackEngines/WebGLSupport/UnityEditor.WebGL.Extensions.dll
Register platform support module: M:/unity/2021.2.4f1/Editor/Data/PlaybackEngines/WindowsStandaloneSupport/UnityEditor.WindowsStandalone.Extensions.dll
Registered in 0.002669 seconds.
Native extension for WindowsStandalone target not found
Native extension for WebGL target not found
Refreshing native plugins compatible for Editor in 116.84 ms, found 4 plugins.
Preloading 0 native plugins for Editor in 0.00 ms.
Mono: successfully reloaded assembly
- Completed reload, in  0.589 seconds
Domain Reload Profiling:
	ReloadAssembly (589ms)
		BeginReloadAssembly (61ms)
			ExecutionOrderSort (0ms)
			DisableScriptedObjects (0ms)
			BackupInstance (0ms)
			ReleaseScriptingObjects (0ms)
			CreateAndSetChildDomain (1ms)
		EndReloadAssembly (466ms)
			LoadAssemblies (60ms)
			RebuildTransferFunctionScriptingTraits (0ms)
			SetupTypeCache (94ms)
			ReleaseScriptCaches (0ms)
			RebuildScriptCaches (25ms)
			SetupLoadedEditorAssemblies (301ms)
				LogAssemblyErrors (0ms)
				InitializePlatformSupportModulesInManaged (14ms)
				SetLoadedEditorAssemblies (0ms)
				RefreshPlugins (117ms)
				BeforeProcessingInitializeOnLoad (1ms)
				ProcessInitializeOnLoadAttributes (128ms)
				ProcessInitializeOnLoadMethodAttributes (41ms)
				AfterProcessingInitializeOnLoad (0ms)
				EditorAssembliesLoaded (0ms)
			ExecutionOrderSort2 (0ms)
			AwakeInstancesAfterBackupRestoration (0ms)
Platform modules already initialized, skipping
Registering precompiled user dll's ...
Registered in 0.005238 seconds.
Begin MonoManager ReloadAssembly
Symbol file LoadedFromMemory doesn't match image M:\General Game Dev Assets - Projects - Tentalinked here\Game Jam 2\IDG-Game-Jam\Library\PackageCache\com.unity.visualscripting@1.7.5\Editor\VisualScripting.Core\Dependencies\DotNetZip\Unity.VisualScripting.IonicZip.dll
Symbol file LoadedFromMemory doesn't match image M:\General Game Dev Assets - Projects - Tentalinked here\Game Jam 2\IDG-Game-Jam\Library\PackageCache\com.unity.visualscripting@1.7.5\Editor\VisualScripting.Core\Dependencies\YamlDotNet\Unity.VisualScripting.YamlDotNet.dll
Native extension for WindowsStandalone target not found
Native extension for WebGL target not found
Refreshing native plugins compatible for Editor in 126.49 ms, found 4 plugins.
Preloading 0 native plugins for Editor in 0.00 ms.
Package Manager log level set to [2]
Mono: successfully reloaded assembly
- Completed reload, in  1.840 seconds
Domain Reload Profiling:
	ReloadAssembly (1841ms)
		BeginReloadAssembly (150ms)
			ExecutionOrderSort (0ms)
			DisableScriptedObjects (5ms)
			BackupInstance (0ms)
			ReleaseScriptingObjects (0ms)
			CreateAndSetChildDomain (17ms)
		EndReloadAssembly (1609ms)
			LoadAssemblies (71ms)
			RebuildTransferFunctionScriptingTraits (0ms)
			SetupTypeCache (315ms)
			ReleaseScriptCaches (1ms)
			RebuildScriptCaches (76ms)
			SetupLoadedEditorAssemblies (1027ms)
				LogAssemblyErrors (0ms)
				InitializePlatformSupportModulesInManaged (10ms)
				SetLoadedEditorAssemblies (0ms)
				RefreshPlugins (127ms)
				BeforeProcessingInitializeOnLoad (124ms)
				ProcessInitializeOnLoadAttributes (708ms)
				ProcessInitializeOnLoadMethodAttributes (54ms)
				AfterProcessingInitializeOnLoad (3ms)
				EditorAssembliesLoaded (0ms)
			ExecutionOrderSort2 (0ms)
			AwakeInstancesAfterBackupRestoration (6ms)
Platform modules already initialized, skipping
========================================================================
Worker process is ready to serve import requests
Launched and connected shader compiler UnityShaderCompiler.exe after 0.04 seconds
Refreshing native plugins compatible for Editor in 1.24 ms, found 4 plugins.
Preloading 0 native plugins for Editor in 0.00 ms.
Unloading 5379 Unused Serialized files (Serialized files now loaded: 0)
Unloading 245 unused Assets / (2.8 MB). Loaded Objects now: 5797.
Memory consumption went from 223.7 MB to 220.8 MB.
Total: 6.833700 ms (FindLiveObjects: 0.415100 ms CreateObjectMapping: 0.370900 ms MarkObjects: 5.405300 ms  DeleteObjects: 0.641300 ms)

AssetImportParameters requested are different than current active one (requested -> active):
  custom:video-decoder-ogg-theora: a1e56fd34408186e4bbccfd4996cb3dc -> 
  custom:container-muxer-webm: aa71ff27fc2769a1b78a27578f13a17b -> 
  custom:container-demuxer-webm: 4f35f7cbe854078d1ac9338744f61a02 -> 
  custom:video-encoder-webm-vp8: eb34c28f22e8b96e1ab97ce403110664 -> 
  custom:video-codec-MediaFoundation-h265: 746d11721c4dcdbdad8f713fa42b33f4 -> 
  custom:audio-encoder-webm-vorbis: bf7c407c2cedff20999df2af8eb42d56 -> 
  custom:framework-win-MediaFoundation: 216162199b28c13a410421893ffa2e32 -> 
  custom:container-demuxer-ogg: 62fdf1f143b41e24485cea50d1cbac27 -> 
  custom:video-decoder-webm-vp8: 9c59270c3fd7afecdb556c50c9e8de78 -> 
  custom:audio-decoder-ogg-vorbis: bf7c407c2cedff20999df2af8eb42d56 -> 
========================================================================
Received Import Request.
  Time since last request: 394973.383505 seconds.
  path: Assets/Models/LP Rocks/Prefabs
  artifactKey: Guid(79d1a871533b28849beed9b359cca993) Importer(815301076,1909f56bfc062723c751e8b465ee728b)
Start importing Assets/Models/LP Rocks/Prefabs using Guid(79d1a871533b28849beed9b359cca993) Importer(815301076,1909f56bfc062723c751e8b465ee728b)  -> (artifact id: 'fbc61277fdb1154d36d78015cc9a7725') in 0.011341 seconds 
========================================================================
Received Import Request.
  Time since last request: 0.013245 seconds.
  path: Assets/Models/LP Rocks/Prefabs/Rock Type1 01.prefab
  artifactKey: Guid(75283e9ef15245c4aab126ec6525dd2a) Importer(815301076,1909f56bfc062723c751e8b465ee728b)
Start importing Assets/Models/LP Rocks/Prefabs/Rock Type1 01.prefab using Guid(75283e9ef15245c4aab126ec6525dd2a) Importer(815301076,1909f56bfc062723c751e8b465ee728b)  -> (artifact id: '172836760a658cd131eff01adb18b415') in 0.131503 seconds 
========================================================================
Received Import Request.
  Time since last request: 0.000021 seconds.
  path: Assets/Models/LP Rocks/Prefabs/Rock Type5 03.prefab
  artifactKey: Guid(1fdb4e5d510354f43bcd6ed13b8eb3be) Importer(815301076,1909f56bfc062723c751e8b465ee728b)
Start importing Assets/Models/LP Rocks/Prefabs/Rock Type5 03.prefab using Guid(1fdb4e5d510354f43bcd6ed13b8eb3be) Importer(815301076,1909f56bfc062723c751e8b465ee728b)  -> (artifact id: '5bdebee38fcbcf4b1479697f30a038ac') in 0.010935 seconds 
========================================================================
Received Import Request.
  Time since last request: 0.000027 seconds.
  path: Assets/Models/LP Rocks/Prefabs/Rock Type2 02.prefab
  artifactKey: Guid(41dcf1459594f434a8a9bae6ae03eab0) Importer(815301076,1909f56bfc062723c751e8b465ee728b)
Start importing Assets/Models/LP Rocks/Prefabs/Rock Type2 02.prefab using Guid(41dcf1459594f434a8a9bae6ae03eab0) Importer(815301076,1909f56bfc062723c751e8b465ee728b)  -> (artifact id: '6661cadb75c43c47a481b978539e698b') in 0.009685 seconds 
========================================================================
Received Import Request.
  Time since last request: 0.000028 seconds.
  path: Assets/Models/LP Rocks/Prefabs/Rock Type4 04.prefab
  artifactKey: Guid(ccbe3c5efe0bbed4bbe4b8651efb2db8) Importer(815301076,1909f56bfc062723c751e8b465ee728b)
Start importing Assets/Models/LP Rocks/Prefabs/Rock Type4 04.prefab using Guid(ccbe3c5efe0bbed4bbe4b8651efb2db8) Importer(815301076,1909f56bfc062723c751e8b465ee728b)  -> (artifact id: '072f3110c92a16254afbe57383d0904a') in 0.011515 seconds 
========================================================================
Received Import Request.
  Time since last request: 0.000019 seconds.
  path: Assets/Models/LP Rocks/Prefabs/Rock Type3 02.prefab
  artifactKey: Guid(61b490990a08faa419b1bb6a6708ad09) Importer(815301076,1909f56bfc062723c751e8b465ee728b)
Start importing Assets/Models/LP Rocks/Prefabs/Rock Type3 02.prefab using Guid(61b490990a08faa419b1bb6a6708ad09) Importer(815301076,1909f56bfc062723c751e8b465ee728b)  -> (artifact id: 'a17df8aa7dbfb3f4df4f5ff1c04bcd49') in 0.010695 seconds 
========================================================================
Received Import Request.
  Time since last request: 0.000021 seconds.
  path: Assets/Models/LP Rocks/Prefabs/Rock Type3 01.prefab
  artifactKey: Guid(b73c6c1069411b947aaaa9d12c37c652) Importer(815301076,1909f56bfc062723c751e8b465ee728b)
Start importing Assets/Models/LP Rocks/Prefabs/Rock Type3 01.prefab using Guid(b73c6c1069411b947aaaa9d12c37c652) Importer(815301076,1909f56bfc062723c751e8b465ee728b)  -> (artifact id: '26f395dce1d4eef3c7d05a3bcf6d3296') in 0.011395 seconds 
========================================================================
Received Import Request.
  Time since last request: 0.000023 seconds.
  path: Assets/Models/LP Rocks/Prefabs/Rock Type3 03.prefab
  artifactKey: Guid(be320b6d231cacc4894038f2c3375674) Importer(815301076,1909f56bfc062723c751e8b465ee728b)
Start importing Assets/Models/LP Rocks/Prefabs/Rock Type3 03.prefab using Guid(be320b6d231cacc4894038f2c3375674) Importer(815301076,1909f56bfc062723c751e8b465ee728b)  -> (artifact id: 'c0a54184228591aaf0e2ad50e774fc5c') in 0.010955 seconds 
========================================================================
Received Import Request.
  Time since last request: 0.000022 seconds.
  path: Assets/Models/LP Rocks/Prefabs/Rock Type5 04.prefab
  artifactKey: Guid(329d0b0187f24cd4da9f775d83708bd6) Importer(815301076,1909f56bfc062723c751e8b465ee728b)
Start importing Assets/Models/LP Rocks/Prefabs/Rock Type5 04.prefab using Guid(329d0b0187f24cd4da9f775d83708bd6) Importer(815301076,1909f56bfc062723c751e8b465ee728b)  -> (artifact id: '4e33df8dc83a970095e589742ff9d631') in 0.010470 seconds 
========================================================================
Received Import Request.
  Time since last request: 0.000020 seconds.
  path: Assets/Models/LP Rocks/Prefabs/Rock Type6 01.prefab
  artifactKey: Guid(78a4b58c8edc1884e932497bbb0da899) Importer(815301076,1909f56bfc062723c751e8b465ee728b)
Start importing Assets/Models/LP Rocks/Prefabs/Rock Type6 01.prefab using Guid(78a4b58c8edc1884e932497bbb0da899) Importer(815301076,1909f56bfc062723c751e8b465ee728b)  -> (artifact id: 'd89e9c4d08bc620a3ce719494764098b') in 0.010947 seconds 
Editor requested this worker to shutdown with reason: Scaling down because of idle timeout
AssetImportWorker is now disconnected from the server
Process exiting
Exiting without the bug reporter. Application will terminate with return code 0