Using pre-set license
Built from '2021.2/staging' branch; Version is '2021.2.4f1 (99ba6aa4c552) revision 10074730'; Using compiler version '192829333'; Build Type 'Release'
OS: 'Windows 10 Pro; OS build 19041.1348; Version 2004; 64bit' Language: 'en' Physical Memory: 32683 MB
BatchMode: 1, IsHumanControllingUs: 0, StartBugReporterOnCrash: 0, Is64bit: 1, IsPro: 0

COMMAND LINE ARGUMENTS:
M:\unity\2021.2.4f1\Editor\Unity.exe
-adb2
-batchMode
-noUpm
-name
AssetImportWorker6
-projectPath
M:/General Game Dev Assets - Projects - Tentalinked here/Game Jam 2/IDG-Game-Jam
-logFile
Logs/AssetImportWorker6.log
-srvPort
52065
Successfully changed project path to: M:/General Game Dev Assets - Projects - Tentalinked here/Game Jam 2/IDG-Game-Jam
M:/General Game Dev Assets - Projects - Tentalinked here/Game Jam 2/IDG-Game-Jam
[UnityMemory] Configuration Parameters - Can be set up in boot.config
    "memorysetup-bucket-allocator-granularity=16"
    "memorysetup-bucket-allocator-bucket-count=8"
    "memorysetup-bucket-allocator-block-size=33554432"
    "memorysetup-bucket-allocator-block-count=8"
    "memorysetup-main-allocator-block-size=16777216"
    "memorysetup-thread-allocator-block-size=16777216"
    "memorysetup-gfx-main-allocator-block-size=16777216"
    "memorysetup-gfx-thread-allocator-block-size=16777216"
    "memorysetup-cache-allocator-block-size=4194304"
    "memorysetup-typetree-allocator-block-size=2097152"
    "memorysetup-profiler-bucket-allocator-granularity=16"
    "memorysetup-profiler-bucket-allocator-bucket-count=8"
    "memorysetup-profiler-bucket-allocator-block-size=33554432"
    "memorysetup-profiler-bucket-allocator-block-count=8"
    "memorysetup-profiler-allocator-block-size=16777216"
    "memorysetup-profiler-editor-allocator-block-size=1048576"
    "memorysetup-temp-allocator-size-main=16777216"
    "memorysetup-job-temp-allocator-block-size=2097152"
    "memorysetup-job-temp-allocator-block-size-background=1048576"
    "memorysetup-job-temp-allocator-reduction-small-platforms=262144"
    "memorysetup-temp-allocator-size-background-worker=32768"
    "memorysetup-temp-allocator-size-job-worker=262144"
    "memorysetup-temp-allocator-size-preload-manager=33554432"
    "memorysetup-temp-allocator-size-nav-mesh-worker=65536"
    "memorysetup-temp-allocator-size-audio-worker=65536"
    "memorysetup-temp-allocator-size-cloud-worker=32768"
    "memorysetup-temp-allocator-size-gi-baking-worker=262144"
    "memorysetup-temp-allocator-size-gfx=262144"
Refreshing native plugins compatible for Editor in 168.27 ms, found 4 plugins.
Preloading 0 native plugins for Editor in 0.00 ms.
Initialize engine version: 2021.2.4f1 (99ba6aa4c552)
[Subsystems] Discovering subsystems at path M:/unity/2021.2.4f1/Editor/Data/Resources/UnitySubsystems
[Subsystems] Discovering subsystems at path M:/General Game Dev Assets - Projects - Tentalinked here/Game Jam 2/IDG-Game-Jam/Assets
GfxDevice: creating device client; threaded=0; jobified=0
Direct3D:
    Version:  Direct3D 11.0 [level 11.1]
    Renderer: NVIDIA GeForce GTX 1070 (ID=0x1b81)
    Vendor:   NVIDIA
    VRAM:     8088 MB
    Driver:   27.21.14.5671
Initialize mono
Mono path[0] = 'M:/unity/2021.2.4f1/Editor/Data/Managed'
Mono path[1] = 'M:/unity/2021.2.4f1/Editor/Data/MonoBleedingEdge/lib/mono/unityjit-win32'
Mono config path = 'M:/unity/2021.2.4f1/Editor/Data/MonoBleedingEdge/etc'
Using monoOptions --debugger-agent=transport=dt_socket,embedding=1,server=y,suspend=n,address=127.0.0.1:56452
Begin MonoManager ReloadAssembly
Registering precompiled unity dll's ...
Register platform support module: M:/unity/2021.2.4f1/Editor/Data/PlaybackEngines/WebGLSupport/UnityEditor.WebGL.Extensions.dll
Register platform support module: M:/unity/2021.2.4f1/Editor/Data/PlaybackEngines/WindowsStandaloneSupport/UnityEditor.WindowsStandalone.Extensions.dll
Registered in 0.002658 seconds.
Native extension for WindowsStandalone target not found
Native extension for WebGL target not found
Refreshing native plugins compatible for Editor in 114.66 ms, found 4 plugins.
Preloading 0 native plugins for Editor in 0.00 ms.
Mono: successfully reloaded assembly
- Completed reload, in  0.584 seconds
Domain Reload Profiling:
	ReloadAssembly (584ms)
		BeginReloadAssembly (59ms)
			ExecutionOrderSort (0ms)
			DisableScriptedObjects (0ms)
			BackupInstance (0ms)
			ReleaseScriptingObjects (0ms)
			CreateAndSetChildDomain (1ms)
		EndReloadAssembly (462ms)
			LoadAssemblies (58ms)
			RebuildTransferFunctionScriptingTraits (0ms)
			SetupTypeCache (94ms)
			ReleaseScriptCaches (0ms)
			RebuildScriptCaches (25ms)
			SetupLoadedEditorAssemblies (299ms)
				LogAssemblyErrors (0ms)
				InitializePlatformSupportModulesInManaged (14ms)
				SetLoadedEditorAssemblies (0ms)
				RefreshPlugins (115ms)
				BeforeProcessingInitializeOnLoad (1ms)
				ProcessInitializeOnLoadAttributes (128ms)
				ProcessInitializeOnLoadMethodAttributes (41ms)
				AfterProcessingInitializeOnLoad (0ms)
				EditorAssembliesLoaded (0ms)
			ExecutionOrderSort2 (0ms)
			AwakeInstancesAfterBackupRestoration (0ms)
Platform modules already initialized, skipping
Registering precompiled user dll's ...
Registered in 0.005217 seconds.
Begin MonoManager ReloadAssembly
Symbol file LoadedFromMemory doesn't match image M:\General Game Dev Assets - Projects - Tentalinked here\Game Jam 2\IDG-Game-Jam\Library\PackageCache\com.unity.visualscripting@1.7.5\Editor\VisualScripting.Core\Dependencies\DotNetZip\Unity.VisualScripting.IonicZip.dll
Symbol file LoadedFromMemory doesn't match image M:\General Game Dev Assets - Projects - Tentalinked here\Game Jam 2\IDG-Game-Jam\Library\PackageCache\com.unity.visualscripting@1.7.5\Editor\VisualScripting.Core\Dependencies\YamlDotNet\Unity.VisualScripting.YamlDotNet.dll
Native extension for WindowsStandalone target not found
Native extension for WebGL target not found
Refreshing native plugins compatible for Editor in 119.88 ms, found 4 plugins.
Preloading 0 native plugins for Editor in 0.00 ms.
Package Manager log level set to [2]
Mono: successfully reloaded assembly
- Completed reload, in  1.751 seconds
Domain Reload Profiling:
	ReloadAssembly (1752ms)
		BeginReloadAssembly (150ms)
			ExecutionOrderSort (0ms)
			DisableScriptedObjects (5ms)
			BackupInstance (0ms)
			ReleaseScriptingObjects (0ms)
			CreateAndSetChildDomain (18ms)
		EndReloadAssembly (1513ms)
			LoadAssemblies (72ms)
			RebuildTransferFunctionScriptingTraits (0ms)
			SetupTypeCache (268ms)
			ReleaseScriptCaches (1ms)
			RebuildScriptCaches (63ms)
			SetupLoadedEditorAssemblies (1006ms)
				LogAssemblyErrors (0ms)
				InitializePlatformSupportModulesInManaged (10ms)
				SetLoadedEditorAssemblies (0ms)
				RefreshPlugins (120ms)
				BeforeProcessingInitializeOnLoad (116ms)
				ProcessInitializeOnLoadAttributes (690ms)
				ProcessInitializeOnLoadMethodAttributes (66ms)
				AfterProcessingInitializeOnLoad (3ms)
				EditorAssembliesLoaded (0ms)
			ExecutionOrderSort2 (0ms)
			AwakeInstancesAfterBackupRestoration (6ms)
Platform modules already initialized, skipping
========================================================================
Worker process is ready to serve import requests
Launched and connected shader compiler UnityShaderCompiler.exe after 0.04 seconds
Refreshing native plugins compatible for Editor in 1.12 ms, found 4 plugins.
Preloading 0 native plugins for Editor in 0.00 ms.
Unloading 5378 Unused Serialized files (Serialized files now loaded: 0)
Unloading 245 unused Assets / (2.8 MB). Loaded Objects now: 5795.
Memory consumption went from 223.8 MB to 220.9 MB.
Total: 7.628700 ms (FindLiveObjects: 0.585300 ms CreateObjectMapping: 0.577000 ms MarkObjects: 5.798700 ms  DeleteObjects: 0.666400 ms)

AssetImportParameters requested are different than current active one (requested -> active):
  custom:video-decoder-ogg-theora: a1e56fd34408186e4bbccfd4996cb3dc -> 
  custom:container-muxer-webm: aa71ff27fc2769a1b78a27578f13a17b -> 
  custom:container-demuxer-webm: 4f35f7cbe854078d1ac9338744f61a02 -> 
  custom:video-encoder-webm-vp8: eb34c28f22e8b96e1ab97ce403110664 -> 
  custom:video-codec-MediaFoundation-h265: 746d11721c4dcdbdad8f713fa42b33f4 -> 
  custom:audio-encoder-webm-vorbis: bf7c407c2cedff20999df2af8eb42d56 -> 
  custom:framework-win-MediaFoundation: 216162199b28c13a410421893ffa2e32 -> 
  custom:container-demuxer-ogg: 62fdf1f143b41e24485cea50d1cbac27 -> 
  custom:video-decoder-webm-vp8: 9c59270c3fd7afecdb556c50c9e8de78 -> 
  custom:audio-decoder-ogg-vorbis: bf7c407c2cedff20999df2af8eb42d56 -> 
========================================================================
Received Import Request.
  Time since last request: 389820.684515 seconds.
  path: Assets/Models/LP roads/Demo
  artifactKey: Guid(2469141f37ffafb4784fc96766e97a58) Importer(815301076,1909f56bfc062723c751e8b465ee728b)
Start importing Assets/Models/LP roads/Demo using Guid(2469141f37ffafb4784fc96766e97a58) Importer(815301076,1909f56bfc062723c751e8b465ee728b)  -> (artifact id: 'f84242b41036c86a1d5e7ee6a8fcc66f') in 0.007921 seconds 
========================================================================
Received Import Request.
  Time since last request: 1.182980 seconds.
  path: Assets/Models/LP roads/Demo/Materials
  artifactKey: Guid(a701ec118f22d304eb990887be6b1a7e) Importer(815301076,1909f56bfc062723c751e8b465ee728b)
Start importing Assets/Models/LP roads/Demo/Materials using Guid(a701ec118f22d304eb990887be6b1a7e) Importer(815301076,1909f56bfc062723c751e8b465ee728b)  -> (artifact id: '75b34cad1a32d0a5248f27bc0f0369cd') in 0.000855 seconds 
========================================================================
Received Import Request.
  Time since last request: 1.676907 seconds.
  path: Assets/Models/LP roads/Demo/Textures
  artifactKey: Guid(4cab1d751572d5f43bfeafe7ab041dc5) Importer(815301076,1909f56bfc062723c751e8b465ee728b)
Start importing Assets/Models/LP roads/Demo/Textures using Guid(4cab1d751572d5f43bfeafe7ab041dc5) Importer(815301076,1909f56bfc062723c751e8b465ee728b)  -> (artifact id: 'c67182bcd3d93ce88e2d80575b899ad7') in 0.000822 seconds 
========================================================================
Received Import Request.
  Time since last request: 0.023533 seconds.
  path: Assets/Models/LP roads/Demo/Textures/Colorscheme World.png
  artifactKey: Guid(c975dc85e64790c40b2561cb2c3ba471) Importer(815301076,1909f56bfc062723c751e8b465ee728b)
Start importing Assets/Models/LP roads/Demo/Textures/Colorscheme World.png using Guid(c975dc85e64790c40b2561cb2c3ba471) Importer(815301076,1909f56bfc062723c751e8b465ee728b)  -> (artifact id: 'bc55960030882e308647a957b5219f5d') in 0.062325 seconds 
========================================================================
Received Import Request.
  Time since last request: 1.417709 seconds.
  path: Assets/Models/LP roads/Demo/Landscape
  artifactKey: Guid(60c4ffeb0e9aa324d9000a9f8249864f) Importer(815301076,1909f56bfc062723c751e8b465ee728b)
Start importing Assets/Models/LP roads/Demo/Landscape using Guid(60c4ffeb0e9aa324d9000a9f8249864f) Importer(815301076,1909f56bfc062723c751e8b465ee728b)  -> (artifact id: 'a4330936d68642639e277a0ea6f0dc07') in 0.001112 seconds 
========================================================================
Received Import Request.
  Time since last request: 0.010554 seconds.
  path: Assets/Models/LP roads/Demo/Landscape/Houses.001.dae
  artifactKey: Guid(5040aa18d61033e489ea9265c4f2cca4) Importer(815301076,1909f56bfc062723c751e8b465ee728b)
Start importing Assets/Models/LP roads/Demo/Landscape/Houses.001.dae using Guid(5040aa18d61033e489ea9265c4f2cca4) Importer(815301076,1909f56bfc062723c751e8b465ee728b)  -> (artifact id: '3aab03321ccc7e65bbfaf1e6264fee52') in 0.094426 seconds 
========================================================================
Received Import Request.
  Time since last request: 0.000028 seconds.
  path: Assets/Models/LP roads/Demo/Landscape/Houses.011.dae
  artifactKey: Guid(f24e9cf354f004442b97cffbb3bbd911) Importer(815301076,1909f56bfc062723c751e8b465ee728b)
Start importing Assets/Models/LP roads/Demo/Landscape/Houses.011.dae using Guid(f24e9cf354f004442b97cffbb3bbd911) Importer(815301076,1909f56bfc062723c751e8b465ee728b)  -> (artifact id: '555dd139a584f8a86463f46e90c45328') in 0.014052 seconds 
========================================================================
Received Import Request.
  Time since last request: 0.000033 seconds.
  path: Assets/Models/LP roads/Demo/Landscape/Houses.004.dae
  artifactKey: Guid(f9b12965751b78e4d807b064d0420bb9) Importer(815301076,1909f56bfc062723c751e8b465ee728b)
Start importing Assets/Models/LP roads/Demo/Landscape/Houses.004.dae using Guid(f9b12965751b78e4d807b064d0420bb9) Importer(815301076,1909f56bfc062723c751e8b465ee728b)  -> (artifact id: 'cab180b2761b425a157ecc4d2992b0ae') in 0.017636 seconds 
========================================================================
Received Import Request.
  Time since last request: 0.000024 seconds.
  path: Assets/Models/LP roads/Demo/Landscape/Houses.009.dae
  artifactKey: Guid(46908de83c0ca15498206df2dc007ea0) Importer(815301076,1909f56bfc062723c751e8b465ee728b)
Start importing Assets/Models/LP roads/Demo/Landscape/Houses.009.dae using Guid(46908de83c0ca15498206df2dc007ea0) Importer(815301076,1909f56bfc062723c751e8b465ee728b)  -> (artifact id: 'cc49f2b1e8fcf31b5040e1b4f3c43b9d') in 0.016739 seconds 
========================================================================
Received Import Request.
  Time since last request: 0.000022 seconds.
  path: Assets/Models/LP roads/Demo/Landscape/Houses.010.dae
  artifactKey: Guid(960597deba6aae644952d370b3c462a6) Importer(815301076,1909f56bfc062723c751e8b465ee728b)
Start importing Assets/Models/LP roads/Demo/Landscape/Houses.010.dae using Guid(960597deba6aae644952d370b3c462a6) Importer(815301076,1909f56bfc062723c751e8b465ee728b)  -> (artifact id: '68d4b738bfe0428d22063531e46ad188') in 0.017785 seconds 
Editor requested this worker to shutdown with reason: Scaling down because of idle timeout
AssetImportWorker is now disconnected from the server
Process exiting
Exiting without the bug reporter. Application will terminate with return code 0